<?xml version="1.0" encoding="UTF-8"?>
<testsuite name="tests.TextBoxtests" tests="1" skipped="0" failures="0" errors="0" timestamp="2026-03-03T21:15:06.685Z" hostname="KOMPUTER" time="8.546">
  <properties/>
  <testcase name="fillFormTests()" classname="tests.TextBoxtests" time="8.546"/>
  <system-out><![CDATA[]]></system-out>
  <system-err><![CDATA[[Test worker] INFO com.codeborne.selenide.impl.WebDriverThreadLocalContainer - No webdriver is bound to current thread: 1 - let's create a new webdriver
[Test worker] INFO com.codeborne.selenide.impl.FileHelper - Creating folder: C:\AQA\AQA-start\build\downloads\1772572506747_13692_1
мар. 04, 2026 12:15:08 AM org.openqa.selenium.devtools.CdpVersionFinder findNearestMatch
WARNING: Unable to find CDP implementation matching 145
мар. 04, 2026 12:15:08 AM org.openqa.selenium.chromium.ChromiumDriver lambda$new$5
WARNING: Unable to find version of CDP to use for 145.0.7632.76. You may need to include a dependency on a specific version of the CDP using something similar to `org.seleniumhq.selenium:selenium-devtools-v86:4.18.1` where the version ("v86") matches the version of the chromium-based browser you're using and the version number of the artifact is the same as Selenium's.
[Test worker] INFO com.codeborne.selenide.webdriver.WebDriverFactory - BrowserName=chrome Version=145.0.7632.76 Platform=windows
[Test worker] INFO com.codeborne.selenide.webdriver.WebDriverFactory - Selenide v. 7.2.0
[Test worker] INFO com.codeborne.selenide.webdriver.WebDriverFactory - Selenium WebDriver v. 4.18.1 build revision: b1d3319b48
[Test worker] INFO com.codeborne.selenide.drivercommands.CreateDriverCommand - Created webdriver in thread 1: ChromeDriver -> ChromeDriver: chrome on windows (b80071627a8a47b224acead0631c74b8), downloadsFolder: C:\AQA\AQA-start\build\downloads\1772572506747_13692_1
[Test worker] INFO com.codeborne.selenide.drivercommands.DisposablesRegistry - Register WebDriverInstance[config=StaticConfig, webDriver=ChromeDriver: chrome on windows (b80071627a8a47b224acead0631c74b8), proxy=null, downloadsFolder=C:\AQA\AQA-start\build\downloads\1772572506747_13692_1] in 1 [size=1]
[Test worker] INFO com.codeborne.selenide.drivercommands.DisposablesRegistry - Add shutdown hook in 1 [size=1]
[Test worker] INFO com.codeborne.selenide.impl.WebDriverThreadLocalContainer - Browser will stay open due to holdBrowserOpen=true: 1 -> ChromeDriver: chrome on windows (b80071627a8a47b224acead0631c74b8)
]]></system-err>
</testsuite>
