<?xml version="1.0" encoding="UTF-8"?>
<testsuite name="КЛАСС ТЕСТОВ НА АВТОРИЗАЦИЮ ПОЛЬЗОВАТЕЛЯ" tests="18" skipped="1" failures="17" errors="0" timestamp="2026-06-10T20:19:59.562Z" hostname="KOMPUTER" time="0.939">
  <properties/>
  <testcase name="[1] RU" classname="tests.Birds" time="0.145">
    <failure message="java.lang.NullPointerException: Cannot invoke &quot;String.toLowerCase(java.util.Locale)&quot; because &quot;browser.name&quot; is null" type="java.lang.NullPointerException">java.lang.NullPointerException: Cannot invoke &quot;String.toLowerCase(java.util.Locale)&quot; because &quot;browser.name&quot; is null
	at com.codeborne.selenide.webdriver.WebDriverFactory.findFactory(WebDriverFactory.java:125)
	at com.codeborne.selenide.webdriver.WebDriverFactory.createWebDriverInstance(WebDriverFactory.java:110)
	at com.codeborne.selenide.webdriver.WebDriverFactory.createWebDriver(WebDriverFactory.java:67)
	at com.codeborne.selenide.drivercommands.CreateDriverCommand.lambda$createDriver$0(CreateDriverCommand.java:72)
	at com.codeborne.selenide.logevents.SelenideLogger.wrap(SelenideLogger.java:133)
	at com.codeborne.selenide.logevents.SelenideLogger.get(SelenideLogger.java:113)
	at com.codeborne.selenide.drivercommands.CreateDriverCommand.createDriver(CreateDriverCommand.java:48)
	at com.codeborne.selenide.impl.WebDriverThreadLocalContainer.createDriver(WebDriverThreadLocalContainer.java:189)
	at com.codeborne.selenide.impl.WebDriverThreadLocalContainer.createAndRegisterDriver(WebDriverThreadLocalContainer.java:174)
	at com.codeborne.selenide.impl.WebDriverThreadLocalContainer.getAndCheckWebDriver(WebDriverThreadLocalContainer.java:136)
	at com.codeborne.selenide.WebDriverRunner.getAndCheckWebDriver(WebDriverRunner.java:113)
	at com.codeborne.selenide.impl.StaticDriver.getAndCheckWebDriver(StaticDriver.java:65)
	at com.codeborne.selenide.SelenideDriver.getAndCheckWebDriver(SelenideDriver.java:211)
	at com.codeborne.selenide.drivercommands.Navigator.lambda$navigateTo$0(Navigator.java:70)
	at com.codeborne.selenide.logevents.SelenideLogger.lambda$run$0(SelenideLogger.java:105)
	at com.codeborne.selenide.logevents.SelenideLogger.wrap(SelenideLogger.java:133)
	at com.codeborne.selenide.logevents.SelenideLogger.run(SelenideLogger.java:104)
	at com.codeborne.selenide.drivercommands.Navigator.navigateTo(Navigator.java:68)
	at com.codeborne.selenide.drivercommands.Navigator.open(Navigator.java:31)
	at com.codeborne.selenide.SelenideDriver.open(SelenideDriver.java:93)
	at com.codeborne.selenide.Selenide.open(Selenide.java:53)
	at tests.Birds.priceEurAndRub(Birds.java:123)
</failure>
  </testcase>
  <testcase name="[2] EN" classname="tests.Birds" time="0.014">
    <failure message="java.lang.NullPointerException: Cannot invoke &quot;String.toLowerCase(java.util.Locale)&quot; because &quot;browser.name&quot; is null" type="java.lang.NullPointerException">java.lang.NullPointerException: Cannot invoke &quot;String.toLowerCase(java.util.Locale)&quot; because &quot;browser.name&quot; is null
	at com.codeborne.selenide.webdriver.WebDriverFactory.findFactory(WebDriverFactory.java:125)
	at com.codeborne.selenide.webdriver.WebDriverFactory.createWebDriverInstance(WebDriverFactory.java:110)
	at com.codeborne.selenide.webdriver.WebDriverFactory.createWebDriver(WebDriverFactory.java:67)
	at com.codeborne.selenide.drivercommands.CreateDriverCommand.lambda$createDriver$0(CreateDriverCommand.java:72)
	at com.codeborne.selenide.logevents.SelenideLogger.wrap(SelenideLogger.java:133)
	at com.codeborne.selenide.logevents.SelenideLogger.get(SelenideLogger.java:113)
	at com.codeborne.selenide.drivercommands.CreateDriverCommand.createDriver(CreateDriverCommand.java:48)
	at com.codeborne.selenide.impl.WebDriverThreadLocalContainer.createDriver(WebDriverThreadLocalContainer.java:189)
	at com.codeborne.selenide.impl.WebDriverThreadLocalContainer.createAndRegisterDriver(WebDriverThreadLocalContainer.java:174)
	at com.codeborne.selenide.impl.WebDriverThreadLocalContainer.getAndCheckWebDriver(WebDriverThreadLocalContainer.java:136)
	at com.codeborne.selenide.WebDriverRunner.getAndCheckWebDriver(WebDriverRunner.java:113)
	at com.codeborne.selenide.impl.StaticDriver.getAndCheckWebDriver(StaticDriver.java:65)
	at com.codeborne.selenide.SelenideDriver.getAndCheckWebDriver(SelenideDriver.java:211)
	at com.codeborne.selenide.drivercommands.Navigator.lambda$navigateTo$0(Navigator.java:70)
	at com.codeborne.selenide.logevents.SelenideLogger.lambda$run$0(SelenideLogger.java:105)
	at com.codeborne.selenide.logevents.SelenideLogger.wrap(SelenideLogger.java:133)
	at com.codeborne.selenide.logevents.SelenideLogger.run(SelenideLogger.java:104)
	at com.codeborne.selenide.drivercommands.Navigator.navigateTo(Navigator.java:68)
	at com.codeborne.selenide.drivercommands.Navigator.open(Navigator.java:31)
	at com.codeborne.selenide.SelenideDriver.open(SelenideDriver.java:93)
	at com.codeborne.selenide.Selenide.open(Selenide.java:53)
	at tests.Birds.priceEurAndRub(Birds.java:123)
</failure>
  </testcase>
  <testcase name="Вводиться неверный пароль &quot;1&quot; и появляется предупреждение &quot;Неверный логин или пароль.&quot;" classname="tests.Birds" time="0.018">
    <failure message="java.lang.NullPointerException: Cannot invoke &quot;String.toLowerCase(java.util.Locale)&quot; because &quot;browser.name&quot; is null" type="java.lang.NullPointerException">java.lang.NullPointerException: Cannot invoke &quot;String.toLowerCase(java.util.Locale)&quot; because &quot;browser.name&quot; is null
	at com.codeborne.selenide.webdriver.WebDriverFactory.findFactory(WebDriverFactory.java:125)
	at com.codeborne.selenide.webdriver.WebDriverFactory.createWebDriverInstance(WebDriverFactory.java:110)
	at com.codeborne.selenide.webdriver.WebDriverFactory.createWebDriver(WebDriverFactory.java:67)
	at com.codeborne.selenide.drivercommands.CreateDriverCommand.lambda$createDriver$0(CreateDriverCommand.java:72)
	at com.codeborne.selenide.logevents.SelenideLogger.wrap(SelenideLogger.java:133)
	at com.codeborne.selenide.logevents.SelenideLogger.get(SelenideLogger.java:113)
	at com.codeborne.selenide.drivercommands.CreateDriverCommand.createDriver(CreateDriverCommand.java:48)
	at com.codeborne.selenide.impl.WebDriverThreadLocalContainer.createDriver(WebDriverThreadLocalContainer.java:189)
	at com.codeborne.selenide.impl.WebDriverThreadLocalContainer.createAndRegisterDriver(WebDriverThreadLocalContainer.java:174)
	at com.codeborne.selenide.impl.WebDriverThreadLocalContainer.getAndCheckWebDriver(WebDriverThreadLocalContainer.java:136)
	at com.codeborne.selenide.WebDriverRunner.getAndCheckWebDriver(WebDriverRunner.java:113)
	at com.codeborne.selenide.impl.StaticDriver.getAndCheckWebDriver(StaticDriver.java:65)
	at com.codeborne.selenide.SelenideDriver.getAndCheckWebDriver(SelenideDriver.java:211)
	at com.codeborne.selenide.drivercommands.Navigator.lambda$navigateTo$0(Navigator.java:70)
	at com.codeborne.selenide.logevents.SelenideLogger.lambda$run$0(SelenideLogger.java:105)
	at com.codeborne.selenide.logevents.SelenideLogger.wrap(SelenideLogger.java:133)
	at com.codeborne.selenide.logevents.SelenideLogger.run(SelenideLogger.java:104)
	at com.codeborne.selenide.drivercommands.Navigator.navigateTo(Navigator.java:68)
	at com.codeborne.selenide.drivercommands.Navigator.open(Navigator.java:31)
	at com.codeborne.selenide.SelenideDriver.open(SelenideDriver.java:93)
	at com.codeborne.selenide.Selenide.open(Selenide.java:53)
	at pages.BirdsLoginPage.openPage(BirdsLoginPage.java:23)
	at tests.Birds.lambda$fieldNotCorrectPassword$1(Birds.java:92)
	at io.qameta.allure.Allure.lambda$step$0(Allure.java:112)
	at io.qameta.allure.Allure.lambda$step$1(Allure.java:126)
	at io.qameta.allure.Allure.step(Allure.java:180)
	at io.qameta.allure.Allure.step(Allure.java:124)
	at io.qameta.allure.Allure.step(Allure.java:111)
	at tests.Birds.fieldNotCorrectPassword(Birds.java:90)
</failure>
  </testcase>
  <testcase name="Вводиться неверный пароль &quot;dfgdfgfdg&quot; и появляется предупреждение &quot;Неверный логин или пароль.&quot;" classname="tests.Birds" time="0.011">
    <failure message="java.lang.NullPointerException: Cannot invoke &quot;String.toLowerCase(java.util.Locale)&quot; because &quot;browser.name&quot; is null" type="java.lang.NullPointerException">java.lang.NullPointerException: Cannot invoke &quot;String.toLowerCase(java.util.Locale)&quot; because &quot;browser.name&quot; is null
	at com.codeborne.selenide.webdriver.WebDriverFactory.findFactory(WebDriverFactory.java:125)
	at com.codeborne.selenide.webdriver.WebDriverFactory.createWebDriverInstance(WebDriverFactory.java:110)
	at com.codeborne.selenide.webdriver.WebDriverFactory.createWebDriver(WebDriverFactory.java:67)
	at com.codeborne.selenide.drivercommands.CreateDriverCommand.lambda$createDriver$0(CreateDriverCommand.java:72)
	at com.codeborne.selenide.logevents.SelenideLogger.wrap(SelenideLogger.java:133)
	at com.codeborne.selenide.logevents.SelenideLogger.get(SelenideLogger.java:113)
	at com.codeborne.selenide.drivercommands.CreateDriverCommand.createDriver(CreateDriverCommand.java:48)
	at com.codeborne.selenide.impl.WebDriverThreadLocalContainer.createDriver(WebDriverThreadLocalContainer.java:189)
	at com.codeborne.selenide.impl.WebDriverThreadLocalContainer.createAndRegisterDriver(WebDriverThreadLocalContainer.java:174)
	at com.codeborne.selenide.impl.WebDriverThreadLocalContainer.getAndCheckWebDriver(WebDriverThreadLocalContainer.java:136)
	at com.codeborne.selenide.WebDriverRunner.getAndCheckWebDriver(WebDriverRunner.java:113)
	at com.codeborne.selenide.impl.StaticDriver.getAndCheckWebDriver(StaticDriver.java:65)
	at com.codeborne.selenide.SelenideDriver.getAndCheckWebDriver(SelenideDriver.java:211)
	at com.codeborne.selenide.drivercommands.Navigator.lambda$navigateTo$0(Navigator.java:70)
	at com.codeborne.selenide.logevents.SelenideLogger.lambda$run$0(SelenideLogger.java:105)
	at com.codeborne.selenide.logevents.SelenideLogger.wrap(SelenideLogger.java:133)
	at com.codeborne.selenide.logevents.SelenideLogger.run(SelenideLogger.java:104)
	at com.codeborne.selenide.drivercommands.Navigator.navigateTo(Navigator.java:68)
	at com.codeborne.selenide.drivercommands.Navigator.open(Navigator.java:31)
	at com.codeborne.selenide.SelenideDriver.open(SelenideDriver.java:93)
	at com.codeborne.selenide.Selenide.open(Selenide.java:53)
	at pages.BirdsLoginPage.openPage(BirdsLoginPage.java:23)
	at tests.Birds.lambda$fieldNotCorrectPassword$1(Birds.java:92)
	at io.qameta.allure.Allure.lambda$step$0(Allure.java:112)
	at io.qameta.allure.Allure.lambda$step$1(Allure.java:126)
	at io.qameta.allure.Allure.step(Allure.java:180)
	at io.qameta.allure.Allure.step(Allure.java:124)
	at io.qameta.allure.Allure.step(Allure.java:111)
	at tests.Birds.fieldNotCorrectPassword(Birds.java:90)
</failure>
  </testcase>
  <testcase name="Вводиться неверный пароль &quot;2&quot; и появляется предупреждение &quot;Неверный логин или пароль.&quot;" classname="tests.Birds" time="0.009">
    <failure message="java.lang.NullPointerException: Cannot invoke &quot;String.toLowerCase(java.util.Locale)&quot; because &quot;browser.name&quot; is null" type="java.lang.NullPointerException">java.lang.NullPointerException: Cannot invoke &quot;String.toLowerCase(java.util.Locale)&quot; because &quot;browser.name&quot; is null
	at com.codeborne.selenide.webdriver.WebDriverFactory.findFactory(WebDriverFactory.java:125)
	at com.codeborne.selenide.webdriver.WebDriverFactory.createWebDriverInstance(WebDriverFactory.java:110)
	at com.codeborne.selenide.webdriver.WebDriverFactory.createWebDriver(WebDriverFactory.java:67)
	at com.codeborne.selenide.drivercommands.CreateDriverCommand.lambda$createDriver$0(CreateDriverCommand.java:72)
	at com.codeborne.selenide.logevents.SelenideLogger.wrap(SelenideLogger.java:133)
	at com.codeborne.selenide.logevents.SelenideLogger.get(SelenideLogger.java:113)
	at com.codeborne.selenide.drivercommands.CreateDriverCommand.createDriver(CreateDriverCommand.java:48)
	at com.codeborne.selenide.impl.WebDriverThreadLocalContainer.createDriver(WebDriverThreadLocalContainer.java:189)
	at com.codeborne.selenide.impl.WebDriverThreadLocalContainer.createAndRegisterDriver(WebDriverThreadLocalContainer.java:174)
	at com.codeborne.selenide.impl.WebDriverThreadLocalContainer.getAndCheckWebDriver(WebDriverThreadLocalContainer.java:136)
	at com.codeborne.selenide.WebDriverRunner.getAndCheckWebDriver(WebDriverRunner.java:113)
	at com.codeborne.selenide.impl.StaticDriver.getAndCheckWebDriver(StaticDriver.java:65)
	at com.codeborne.selenide.SelenideDriver.getAndCheckWebDriver(SelenideDriver.java:211)
	at com.codeborne.selenide.drivercommands.Navigator.lambda$navigateTo$0(Navigator.java:70)
	at com.codeborne.selenide.logevents.SelenideLogger.lambda$run$0(SelenideLogger.java:105)
	at com.codeborne.selenide.logevents.SelenideLogger.wrap(SelenideLogger.java:133)
	at com.codeborne.selenide.logevents.SelenideLogger.run(SelenideLogger.java:104)
	at com.codeborne.selenide.drivercommands.Navigator.navigateTo(Navigator.java:68)
	at com.codeborne.selenide.drivercommands.Navigator.open(Navigator.java:31)
	at com.codeborne.selenide.SelenideDriver.open(SelenideDriver.java:93)
	at com.codeborne.selenide.Selenide.open(Selenide.java:53)
	at pages.BirdsLoginPage.openPage(BirdsLoginPage.java:23)
	at tests.Birds.lambda$fieldNotCorrectPassword$1(Birds.java:92)
	at io.qameta.allure.Allure.lambda$step$0(Allure.java:112)
	at io.qameta.allure.Allure.lambda$step$1(Allure.java:126)
	at io.qameta.allure.Allure.step(Allure.java:180)
	at io.qameta.allure.Allure.step(Allure.java:124)
	at io.qameta.allure.Allure.step(Allure.java:111)
	at tests.Birds.fieldNotCorrectPassword(Birds.java:90)
</failure>
  </testcase>
  <testcase name="Вводиться неверный пароль &quot;!!!!!!!&quot; и появляется предупреждение &quot;Неверный логин или пароль.&quot;" classname="tests.Birds" time="0.011">
    <failure message="java.lang.NullPointerException: Cannot invoke &quot;String.toLowerCase(java.util.Locale)&quot; because &quot;browser.name&quot; is null" type="java.lang.NullPointerException">java.lang.NullPointerException: Cannot invoke &quot;String.toLowerCase(java.util.Locale)&quot; because &quot;browser.name&quot; is null
	at com.codeborne.selenide.webdriver.WebDriverFactory.findFactory(WebDriverFactory.java:125)
	at com.codeborne.selenide.webdriver.WebDriverFactory.createWebDriverInstance(WebDriverFactory.java:110)
	at com.codeborne.selenide.webdriver.WebDriverFactory.createWebDriver(WebDriverFactory.java:67)
	at com.codeborne.selenide.drivercommands.CreateDriverCommand.lambda$createDriver$0(CreateDriverCommand.java:72)
	at com.codeborne.selenide.logevents.SelenideLogger.wrap(SelenideLogger.java:133)
	at com.codeborne.selenide.logevents.SelenideLogger.get(SelenideLogger.java:113)
	at com.codeborne.selenide.drivercommands.CreateDriverCommand.createDriver(CreateDriverCommand.java:48)
	at com.codeborne.selenide.impl.WebDriverThreadLocalContainer.createDriver(WebDriverThreadLocalContainer.java:189)
	at com.codeborne.selenide.impl.WebDriverThreadLocalContainer.createAndRegisterDriver(WebDriverThreadLocalContainer.java:174)
	at com.codeborne.selenide.impl.WebDriverThreadLocalContainer.getAndCheckWebDriver(WebDriverThreadLocalContainer.java:136)
	at com.codeborne.selenide.WebDriverRunner.getAndCheckWebDriver(WebDriverRunner.java:113)
	at com.codeborne.selenide.impl.StaticDriver.getAndCheckWebDriver(StaticDriver.java:65)
	at com.codeborne.selenide.SelenideDriver.getAndCheckWebDriver(SelenideDriver.java:211)
	at com.codeborne.selenide.drivercommands.Navigator.lambda$navigateTo$0(Navigator.java:70)
	at com.codeborne.selenide.logevents.SelenideLogger.lambda$run$0(SelenideLogger.java:105)
	at com.codeborne.selenide.logevents.SelenideLogger.wrap(SelenideLogger.java:133)
	at com.codeborne.selenide.logevents.SelenideLogger.run(SelenideLogger.java:104)
	at com.codeborne.selenide.drivercommands.Navigator.navigateTo(Navigator.java:68)
	at com.codeborne.selenide.drivercommands.Navigator.open(Navigator.java:31)
	at com.codeborne.selenide.SelenideDriver.open(SelenideDriver.java:93)
	at com.codeborne.selenide.Selenide.open(Selenide.java:53)
	at pages.BirdsLoginPage.openPage(BirdsLoginPage.java:23)
	at tests.Birds.lambda$fieldNotCorrectPassword$1(Birds.java:92)
	at io.qameta.allure.Allure.lambda$step$0(Allure.java:112)
	at io.qameta.allure.Allure.lambda$step$1(Allure.java:126)
	at io.qameta.allure.Allure.step(Allure.java:180)
	at io.qameta.allure.Allure.step(Allure.java:124)
	at io.qameta.allure.Allure.step(Allure.java:111)
	at tests.Birds.fieldNotCorrectPassword(Birds.java:90)
</failure>
  </testcase>
  <testcase name="Вводиться неверный пароль &quot;********&quot; и появляется предупреждение &quot;Неверный логин или пароль.&quot;" classname="tests.Birds" time="0.009">
    <failure message="java.lang.NullPointerException: Cannot invoke &quot;String.toLowerCase(java.util.Locale)&quot; because &quot;browser.name&quot; is null" type="java.lang.NullPointerException">java.lang.NullPointerException: Cannot invoke &quot;String.toLowerCase(java.util.Locale)&quot; because &quot;browser.name&quot; is null
	at com.codeborne.selenide.webdriver.WebDriverFactory.findFactory(WebDriverFactory.java:125)
	at com.codeborne.selenide.webdriver.WebDriverFactory.createWebDriverInstance(WebDriverFactory.java:110)
	at com.codeborne.selenide.webdriver.WebDriverFactory.createWebDriver(WebDriverFactory.java:67)
	at com.codeborne.selenide.drivercommands.CreateDriverCommand.lambda$createDriver$0(CreateDriverCommand.java:72)
	at com.codeborne.selenide.logevents.SelenideLogger.wrap(SelenideLogger.java:133)
	at com.codeborne.selenide.logevents.SelenideLogger.get(SelenideLogger.java:113)
	at com.codeborne.selenide.drivercommands.CreateDriverCommand.createDriver(CreateDriverCommand.java:48)
	at com.codeborne.selenide.impl.WebDriverThreadLocalContainer.createDriver(WebDriverThreadLocalContainer.java:189)
	at com.codeborne.selenide.impl.WebDriverThreadLocalContainer.createAndRegisterDriver(WebDriverThreadLocalContainer.java:174)
	at com.codeborne.selenide.impl.WebDriverThreadLocalContainer.getAndCheckWebDriver(WebDriverThreadLocalContainer.java:136)
	at com.codeborne.selenide.WebDriverRunner.getAndCheckWebDriver(WebDriverRunner.java:113)
	at com.codeborne.selenide.impl.StaticDriver.getAndCheckWebDriver(StaticDriver.java:65)
	at com.codeborne.selenide.SelenideDriver.getAndCheckWebDriver(SelenideDriver.java:211)
	at com.codeborne.selenide.drivercommands.Navigator.lambda$navigateTo$0(Navigator.java:70)
	at com.codeborne.selenide.logevents.SelenideLogger.lambda$run$0(SelenideLogger.java:105)
	at com.codeborne.selenide.logevents.SelenideLogger.wrap(SelenideLogger.java:133)
	at com.codeborne.selenide.logevents.SelenideLogger.run(SelenideLogger.java:104)
	at com.codeborne.selenide.drivercommands.Navigator.navigateTo(Navigator.java:68)
	at com.codeborne.selenide.drivercommands.Navigator.open(Navigator.java:31)
	at com.codeborne.selenide.SelenideDriver.open(SelenideDriver.java:93)
	at com.codeborne.selenide.Selenide.open(Selenide.java:53)
	at pages.BirdsLoginPage.openPage(BirdsLoginPage.java:23)
	at tests.Birds.lambda$fieldNotCorrectPassword$1(Birds.java:92)
	at io.qameta.allure.Allure.lambda$step$0(Allure.java:112)
	at io.qameta.allure.Allure.lambda$step$1(Allure.java:126)
	at io.qameta.allure.Allure.step(Allure.java:180)
	at io.qameta.allure.Allure.step(Allure.java:124)
	at io.qameta.allure.Allure.step(Allure.java:111)
	at tests.Birds.fieldNotCorrectPassword(Birds.java:90)
</failure>
  </testcase>
  <testcase name="Вводиться неверный пароль &quot;%*&amp;YJHJfg&quot; и появляется предупреждение &quot;Неверный логин или пароль.&quot;" classname="tests.Birds" time="0.008">
    <failure message="java.lang.NullPointerException: Cannot invoke &quot;String.toLowerCase(java.util.Locale)&quot; because &quot;browser.name&quot; is null" type="java.lang.NullPointerException">java.lang.NullPointerException: Cannot invoke &quot;String.toLowerCase(java.util.Locale)&quot; because &quot;browser.name&quot; is null
	at com.codeborne.selenide.webdriver.WebDriverFactory.findFactory(WebDriverFactory.java:125)
	at com.codeborne.selenide.webdriver.WebDriverFactory.createWebDriverInstance(WebDriverFactory.java:110)
	at com.codeborne.selenide.webdriver.WebDriverFactory.createWebDriver(WebDriverFactory.java:67)
	at com.codeborne.selenide.drivercommands.CreateDriverCommand.lambda$createDriver$0(CreateDriverCommand.java:72)
	at com.codeborne.selenide.logevents.SelenideLogger.wrap(SelenideLogger.java:133)
	at com.codeborne.selenide.logevents.SelenideLogger.get(SelenideLogger.java:113)
	at com.codeborne.selenide.drivercommands.CreateDriverCommand.createDriver(CreateDriverCommand.java:48)
	at com.codeborne.selenide.impl.WebDriverThreadLocalContainer.createDriver(WebDriverThreadLocalContainer.java:189)
	at com.codeborne.selenide.impl.WebDriverThreadLocalContainer.createAndRegisterDriver(WebDriverThreadLocalContainer.java:174)
	at com.codeborne.selenide.impl.WebDriverThreadLocalContainer.getAndCheckWebDriver(WebDriverThreadLocalContainer.java:136)
	at com.codeborne.selenide.WebDriverRunner.getAndCheckWebDriver(WebDriverRunner.java:113)
	at com.codeborne.selenide.impl.StaticDriver.getAndCheckWebDriver(StaticDriver.java:65)
	at com.codeborne.selenide.SelenideDriver.getAndCheckWebDriver(SelenideDriver.java:211)
	at com.codeborne.selenide.drivercommands.Navigator.lambda$navigateTo$0(Navigator.java:70)
	at com.codeborne.selenide.logevents.SelenideLogger.lambda$run$0(SelenideLogger.java:105)
	at com.codeborne.selenide.logevents.SelenideLogger.wrap(SelenideLogger.java:133)
	at com.codeborne.selenide.logevents.SelenideLogger.run(SelenideLogger.java:104)
	at com.codeborne.selenide.drivercommands.Navigator.navigateTo(Navigator.java:68)
	at com.codeborne.selenide.drivercommands.Navigator.open(Navigator.java:31)
	at com.codeborne.selenide.SelenideDriver.open(SelenideDriver.java:93)
	at com.codeborne.selenide.Selenide.open(Selenide.java:53)
	at pages.BirdsLoginPage.openPage(BirdsLoginPage.java:23)
	at tests.Birds.lambda$fieldNotCorrectPassword$1(Birds.java:92)
	at io.qameta.allure.Allure.lambda$step$0(Allure.java:112)
	at io.qameta.allure.Allure.lambda$step$1(Allure.java:126)
	at io.qameta.allure.Allure.step(Allure.java:180)
	at io.qameta.allure.Allure.step(Allure.java:124)
	at io.qameta.allure.Allure.step(Allure.java:111)
	at tests.Birds.fieldNotCorrectPassword(Birds.java:90)
</failure>
  </testcase>
  <testcase name="Вводиться неверный пароль &quot;GGGGGGGGG&quot; и появляется предупреждение &quot;Неверный логин или пароль.&quot;" classname="tests.Birds" time="0.01">
    <failure message="java.lang.NullPointerException: Cannot invoke &quot;String.toLowerCase(java.util.Locale)&quot; because &quot;browser.name&quot; is null" type="java.lang.NullPointerException">java.lang.NullPointerException: Cannot invoke &quot;String.toLowerCase(java.util.Locale)&quot; because &quot;browser.name&quot; is null
	at com.codeborne.selenide.webdriver.WebDriverFactory.findFactory(WebDriverFactory.java:125)
	at com.codeborne.selenide.webdriver.WebDriverFactory.createWebDriverInstance(WebDriverFactory.java:110)
	at com.codeborne.selenide.webdriver.WebDriverFactory.createWebDriver(WebDriverFactory.java:67)
	at com.codeborne.selenide.drivercommands.CreateDriverCommand.lambda$createDriver$0(CreateDriverCommand.java:72)
	at com.codeborne.selenide.logevents.SelenideLogger.wrap(SelenideLogger.java:133)
	at com.codeborne.selenide.logevents.SelenideLogger.get(SelenideLogger.java:113)
	at com.codeborne.selenide.drivercommands.CreateDriverCommand.createDriver(CreateDriverCommand.java:48)
	at com.codeborne.selenide.impl.WebDriverThreadLocalContainer.createDriver(WebDriverThreadLocalContainer.java:189)
	at com.codeborne.selenide.impl.WebDriverThreadLocalContainer.createAndRegisterDriver(WebDriverThreadLocalContainer.java:174)
	at com.codeborne.selenide.impl.WebDriverThreadLocalContainer.getAndCheckWebDriver(WebDriverThreadLocalContainer.java:136)
	at com.codeborne.selenide.WebDriverRunner.getAndCheckWebDriver(WebDriverRunner.java:113)
	at com.codeborne.selenide.impl.StaticDriver.getAndCheckWebDriver(StaticDriver.java:65)
	at com.codeborne.selenide.SelenideDriver.getAndCheckWebDriver(SelenideDriver.java:211)
	at com.codeborne.selenide.drivercommands.Navigator.lambda$navigateTo$0(Navigator.java:70)
	at com.codeborne.selenide.logevents.SelenideLogger.lambda$run$0(SelenideLogger.java:105)
	at com.codeborne.selenide.logevents.SelenideLogger.wrap(SelenideLogger.java:133)
	at com.codeborne.selenide.logevents.SelenideLogger.run(SelenideLogger.java:104)
	at com.codeborne.selenide.drivercommands.Navigator.navigateTo(Navigator.java:68)
	at com.codeborne.selenide.drivercommands.Navigator.open(Navigator.java:31)
	at com.codeborne.selenide.SelenideDriver.open(SelenideDriver.java:93)
	at com.codeborne.selenide.Selenide.open(Selenide.java:53)
	at pages.BirdsLoginPage.openPage(BirdsLoginPage.java:23)
	at tests.Birds.lambda$fieldNotCorrectPassword$1(Birds.java:92)
	at io.qameta.allure.Allure.lambda$step$0(Allure.java:112)
	at io.qameta.allure.Allure.lambda$step$1(Allure.java:126)
	at io.qameta.allure.Allure.step(Allure.java:180)
	at io.qameta.allure.Allure.step(Allure.java:124)
	at io.qameta.allure.Allure.step(Allure.java:111)
	at tests.Birds.fieldNotCorrectPassword(Birds.java:90)
</failure>
  </testcase>
  <testcase name="Вводиться неверный пароль &quot;00000-0000&quot; и появляется предупреждение &quot;Неверный логин или пароль.&quot;" classname="tests.Birds" time="0.015">
    <failure message="java.lang.NullPointerException: Cannot invoke &quot;String.toLowerCase(java.util.Locale)&quot; because &quot;browser.name&quot; is null" type="java.lang.NullPointerException">java.lang.NullPointerException: Cannot invoke &quot;String.toLowerCase(java.util.Locale)&quot; because &quot;browser.name&quot; is null
	at com.codeborne.selenide.webdriver.WebDriverFactory.findFactory(WebDriverFactory.java:125)
	at com.codeborne.selenide.webdriver.WebDriverFactory.createWebDriverInstance(WebDriverFactory.java:110)
	at com.codeborne.selenide.webdriver.WebDriverFactory.createWebDriver(WebDriverFactory.java:67)
	at com.codeborne.selenide.drivercommands.CreateDriverCommand.lambda$createDriver$0(CreateDriverCommand.java:72)
	at com.codeborne.selenide.logevents.SelenideLogger.wrap(SelenideLogger.java:133)
	at com.codeborne.selenide.logevents.SelenideLogger.get(SelenideLogger.java:113)
	at com.codeborne.selenide.drivercommands.CreateDriverCommand.createDriver(CreateDriverCommand.java:48)
	at com.codeborne.selenide.impl.WebDriverThreadLocalContainer.createDriver(WebDriverThreadLocalContainer.java:189)
	at com.codeborne.selenide.impl.WebDriverThreadLocalContainer.createAndRegisterDriver(WebDriverThreadLocalContainer.java:174)
	at com.codeborne.selenide.impl.WebDriverThreadLocalContainer.getAndCheckWebDriver(WebDriverThreadLocalContainer.java:136)
	at com.codeborne.selenide.WebDriverRunner.getAndCheckWebDriver(WebDriverRunner.java:113)
	at com.codeborne.selenide.impl.StaticDriver.getAndCheckWebDriver(StaticDriver.java:65)
	at com.codeborne.selenide.SelenideDriver.getAndCheckWebDriver(SelenideDriver.java:211)
	at com.codeborne.selenide.drivercommands.Navigator.lambda$navigateTo$0(Navigator.java:70)
	at com.codeborne.selenide.logevents.SelenideLogger.lambda$run$0(SelenideLogger.java:105)
	at com.codeborne.selenide.logevents.SelenideLogger.wrap(SelenideLogger.java:133)
	at com.codeborne.selenide.logevents.SelenideLogger.run(SelenideLogger.java:104)
	at com.codeborne.selenide.drivercommands.Navigator.navigateTo(Navigator.java:68)
	at com.codeborne.selenide.drivercommands.Navigator.open(Navigator.java:31)
	at com.codeborne.selenide.SelenideDriver.open(SelenideDriver.java:93)
	at com.codeborne.selenide.Selenide.open(Selenide.java:53)
	at pages.BirdsLoginPage.openPage(BirdsLoginPage.java:23)
	at tests.Birds.lambda$fieldNotCorrectPassword$1(Birds.java:92)
	at io.qameta.allure.Allure.lambda$step$0(Allure.java:112)
	at io.qameta.allure.Allure.lambda$step$1(Allure.java:126)
	at io.qameta.allure.Allure.step(Allure.java:180)
	at io.qameta.allure.Allure.step(Allure.java:124)
	at io.qameta.allure.Allure.step(Allure.java:111)
	at tests.Birds.fieldNotCorrectPassword(Birds.java:90)
</failure>
  </testcase>
  <testcase name="Вводиться неверный пароль &quot;30&quot; и появляется предупреждение &quot;Неверный логин или пароль.&quot;" classname="tests.Birds" time="0.009">
    <failure message="java.lang.NullPointerException: Cannot invoke &quot;String.toLowerCase(java.util.Locale)&quot; because &quot;browser.name&quot; is null" type="java.lang.NullPointerException">java.lang.NullPointerException: Cannot invoke &quot;String.toLowerCase(java.util.Locale)&quot; because &quot;browser.name&quot; is null
	at com.codeborne.selenide.webdriver.WebDriverFactory.findFactory(WebDriverFactory.java:125)
	at com.codeborne.selenide.webdriver.WebDriverFactory.createWebDriverInstance(WebDriverFactory.java:110)
	at com.codeborne.selenide.webdriver.WebDriverFactory.createWebDriver(WebDriverFactory.java:67)
	at com.codeborne.selenide.drivercommands.CreateDriverCommand.lambda$createDriver$0(CreateDriverCommand.java:72)
	at com.codeborne.selenide.logevents.SelenideLogger.wrap(SelenideLogger.java:133)
	at com.codeborne.selenide.logevents.SelenideLogger.get(SelenideLogger.java:113)
	at com.codeborne.selenide.drivercommands.CreateDriverCommand.createDriver(CreateDriverCommand.java:48)
	at com.codeborne.selenide.impl.WebDriverThreadLocalContainer.createDriver(WebDriverThreadLocalContainer.java:189)
	at com.codeborne.selenide.impl.WebDriverThreadLocalContainer.createAndRegisterDriver(WebDriverThreadLocalContainer.java:174)
	at com.codeborne.selenide.impl.WebDriverThreadLocalContainer.getAndCheckWebDriver(WebDriverThreadLocalContainer.java:136)
	at com.codeborne.selenide.WebDriverRunner.getAndCheckWebDriver(WebDriverRunner.java:113)
	at com.codeborne.selenide.impl.StaticDriver.getAndCheckWebDriver(StaticDriver.java:65)
	at com.codeborne.selenide.SelenideDriver.getAndCheckWebDriver(SelenideDriver.java:211)
	at com.codeborne.selenide.drivercommands.Navigator.lambda$navigateTo$0(Navigator.java:70)
	at com.codeborne.selenide.logevents.SelenideLogger.lambda$run$0(SelenideLogger.java:105)
	at com.codeborne.selenide.logevents.SelenideLogger.wrap(SelenideLogger.java:133)
	at com.codeborne.selenide.logevents.SelenideLogger.run(SelenideLogger.java:104)
	at com.codeborne.selenide.drivercommands.Navigator.navigateTo(Navigator.java:68)
	at com.codeborne.selenide.drivercommands.Navigator.open(Navigator.java:31)
	at com.codeborne.selenide.SelenideDriver.open(SelenideDriver.java:93)
	at com.codeborne.selenide.Selenide.open(Selenide.java:53)
	at pages.BirdsLoginPage.openPage(BirdsLoginPage.java:23)
	at tests.Birds.lambda$fieldNotCorrectPassword$1(Birds.java:92)
	at io.qameta.allure.Allure.lambda$step$0(Allure.java:112)
	at io.qameta.allure.Allure.lambda$step$1(Allure.java:126)
	at io.qameta.allure.Allure.step(Allure.java:180)
	at io.qameta.allure.Allure.step(Allure.java:124)
	at io.qameta.allure.Allure.step(Allure.java:111)
	at tests.Birds.fieldNotCorrectPassword(Birds.java:90)
</failure>
  </testcase>
  <testcase name="Проверяем что есть предупреждение о куках" classname="tests.Birds" time="0.009">
    <failure message="java.lang.NullPointerException: Cannot invoke &quot;String.toLowerCase(java.util.Locale)&quot; because &quot;browser.name&quot; is null" type="java.lang.NullPointerException">java.lang.NullPointerException: Cannot invoke &quot;String.toLowerCase(java.util.Locale)&quot; because &quot;browser.name&quot; is null
	at com.codeborne.selenide.webdriver.WebDriverFactory.findFactory(WebDriverFactory.java:125)
	at com.codeborne.selenide.webdriver.WebDriverFactory.createWebDriverInstance(WebDriverFactory.java:110)
	at com.codeborne.selenide.webdriver.WebDriverFactory.createWebDriver(WebDriverFactory.java:67)
	at com.codeborne.selenide.drivercommands.CreateDriverCommand.lambda$createDriver$0(CreateDriverCommand.java:72)
	at com.codeborne.selenide.logevents.SelenideLogger.wrap(SelenideLogger.java:133)
	at com.codeborne.selenide.logevents.SelenideLogger.get(SelenideLogger.java:113)
	at com.codeborne.selenide.drivercommands.CreateDriverCommand.createDriver(CreateDriverCommand.java:48)
	at com.codeborne.selenide.impl.WebDriverThreadLocalContainer.createDriver(WebDriverThreadLocalContainer.java:189)
	at com.codeborne.selenide.impl.WebDriverThreadLocalContainer.createAndRegisterDriver(WebDriverThreadLocalContainer.java:174)
	at com.codeborne.selenide.impl.WebDriverThreadLocalContainer.getAndCheckWebDriver(WebDriverThreadLocalContainer.java:136)
	at com.codeborne.selenide.WebDriverRunner.getAndCheckWebDriver(WebDriverRunner.java:113)
	at com.codeborne.selenide.impl.StaticDriver.getAndCheckWebDriver(StaticDriver.java:65)
	at com.codeborne.selenide.SelenideDriver.getAndCheckWebDriver(SelenideDriver.java:211)
	at com.codeborne.selenide.drivercommands.Navigator.lambda$navigateTo$0(Navigator.java:70)
	at com.codeborne.selenide.logevents.SelenideLogger.lambda$run$0(SelenideLogger.java:105)
	at com.codeborne.selenide.logevents.SelenideLogger.wrap(SelenideLogger.java:133)
	at com.codeborne.selenide.logevents.SelenideLogger.run(SelenideLogger.java:104)
	at com.codeborne.selenide.drivercommands.Navigator.navigateTo(Navigator.java:68)
	at com.codeborne.selenide.drivercommands.Navigator.open(Navigator.java:31)
	at com.codeborne.selenide.SelenideDriver.open(SelenideDriver.java:93)
	at com.codeborne.selenide.Selenide.open(Selenide.java:53)
	at pages.BirdsLoginPage.openPage(BirdsLoginPage.java:23)
	at tests.Birds.fillFormTests(Birds.java:35)
</failure>
  </testcase>
  <testcase name="При вводе не корректной почты &quot;яяяяя@яяяя.яя&quot; появляется предупреждение" classname="tests.Birds" time="0.01">
    <failure message="java.lang.NullPointerException: Cannot invoke &quot;String.toLowerCase(java.util.Locale)&quot; because &quot;browser.name&quot; is null" type="java.lang.NullPointerException">java.lang.NullPointerException: Cannot invoke &quot;String.toLowerCase(java.util.Locale)&quot; because &quot;browser.name&quot; is null
	at com.codeborne.selenide.webdriver.WebDriverFactory.findFactory(WebDriverFactory.java:125)
	at com.codeborne.selenide.webdriver.WebDriverFactory.createWebDriverInstance(WebDriverFactory.java:110)
	at com.codeborne.selenide.webdriver.WebDriverFactory.createWebDriver(WebDriverFactory.java:67)
	at com.codeborne.selenide.drivercommands.CreateDriverCommand.lambda$createDriver$0(CreateDriverCommand.java:72)
	at com.codeborne.selenide.logevents.SelenideLogger.wrap(SelenideLogger.java:133)
	at com.codeborne.selenide.logevents.SelenideLogger.get(SelenideLogger.java:113)
	at com.codeborne.selenide.drivercommands.CreateDriverCommand.createDriver(CreateDriverCommand.java:48)
	at com.codeborne.selenide.impl.WebDriverThreadLocalContainer.createDriver(WebDriverThreadLocalContainer.java:189)
	at com.codeborne.selenide.impl.WebDriverThreadLocalContainer.createAndRegisterDriver(WebDriverThreadLocalContainer.java:174)
	at com.codeborne.selenide.impl.WebDriverThreadLocalContainer.getAndCheckWebDriver(WebDriverThreadLocalContainer.java:136)
	at com.codeborne.selenide.WebDriverRunner.getAndCheckWebDriver(WebDriverRunner.java:113)
	at com.codeborne.selenide.impl.StaticDriver.getAndCheckWebDriver(StaticDriver.java:65)
	at com.codeborne.selenide.SelenideDriver.getAndCheckWebDriver(SelenideDriver.java:211)
	at com.codeborne.selenide.drivercommands.Navigator.lambda$navigateTo$0(Navigator.java:70)
	at com.codeborne.selenide.logevents.SelenideLogger.lambda$run$0(SelenideLogger.java:105)
	at com.codeborne.selenide.logevents.SelenideLogger.wrap(SelenideLogger.java:133)
	at com.codeborne.selenide.logevents.SelenideLogger.run(SelenideLogger.java:104)
	at com.codeborne.selenide.drivercommands.Navigator.navigateTo(Navigator.java:68)
	at com.codeborne.selenide.drivercommands.Navigator.open(Navigator.java:31)
	at com.codeborne.selenide.SelenideDriver.open(SelenideDriver.java:93)
	at com.codeborne.selenide.Selenide.open(Selenide.java:53)
	at pages.BirdsLoginPage.openPage(BirdsLoginPage.java:23)
	at tests.Birds.lambda$user$0(Birds.java:54)
	at io.qameta.allure.Allure.lambda$step$0(Allure.java:112)
	at io.qameta.allure.Allure.lambda$step$1(Allure.java:126)
	at io.qameta.allure.Allure.step(Allure.java:180)
	at io.qameta.allure.Allure.step(Allure.java:124)
	at io.qameta.allure.Allure.step(Allure.java:111)
	at tests.Birds.user(Birds.java:52)
</failure>
  </testcase>
  <testcase name="При вводе не корректной почты &quot;1111111@1111.11&quot; появляется предупреждение" classname="tests.Birds" time="0.026">
    <failure message="java.lang.NullPointerException: Cannot invoke &quot;String.toLowerCase(java.util.Locale)&quot; because &quot;browser.name&quot; is null" type="java.lang.NullPointerException">java.lang.NullPointerException: Cannot invoke &quot;String.toLowerCase(java.util.Locale)&quot; because &quot;browser.name&quot; is null
	at com.codeborne.selenide.webdriver.WebDriverFactory.findFactory(WebDriverFactory.java:125)
	at com.codeborne.selenide.webdriver.WebDriverFactory.createWebDriverInstance(WebDriverFactory.java:110)
	at com.codeborne.selenide.webdriver.WebDriverFactory.createWebDriver(WebDriverFactory.java:67)
	at com.codeborne.selenide.drivercommands.CreateDriverCommand.lambda$createDriver$0(CreateDriverCommand.java:72)
	at com.codeborne.selenide.logevents.SelenideLogger.wrap(SelenideLogger.java:133)
	at com.codeborne.selenide.logevents.SelenideLogger.get(SelenideLogger.java:113)
	at com.codeborne.selenide.drivercommands.CreateDriverCommand.createDriver(CreateDriverCommand.java:48)
	at com.codeborne.selenide.impl.WebDriverThreadLocalContainer.createDriver(WebDriverThreadLocalContainer.java:189)
	at com.codeborne.selenide.impl.WebDriverThreadLocalContainer.createAndRegisterDriver(WebDriverThreadLocalContainer.java:174)
	at com.codeborne.selenide.impl.WebDriverThreadLocalContainer.getAndCheckWebDriver(WebDriverThreadLocalContainer.java:136)
	at com.codeborne.selenide.WebDriverRunner.getAndCheckWebDriver(WebDriverRunner.java:113)
	at com.codeborne.selenide.impl.StaticDriver.getAndCheckWebDriver(StaticDriver.java:65)
	at com.codeborne.selenide.SelenideDriver.getAndCheckWebDriver(SelenideDriver.java:211)
	at com.codeborne.selenide.drivercommands.Navigator.lambda$navigateTo$0(Navigator.java:70)
	at com.codeborne.selenide.logevents.SelenideLogger.lambda$run$0(SelenideLogger.java:105)
	at com.codeborne.selenide.logevents.SelenideLogger.wrap(SelenideLogger.java:133)
	at com.codeborne.selenide.logevents.SelenideLogger.run(SelenideLogger.java:104)
	at com.codeborne.selenide.drivercommands.Navigator.navigateTo(Navigator.java:68)
	at com.codeborne.selenide.drivercommands.Navigator.open(Navigator.java:31)
	at com.codeborne.selenide.SelenideDriver.open(SelenideDriver.java:93)
	at com.codeborne.selenide.Selenide.open(Selenide.java:53)
	at pages.BirdsLoginPage.openPage(BirdsLoginPage.java:23)
	at tests.Birds.lambda$user$0(Birds.java:54)
	at io.qameta.allure.Allure.lambda$step$0(Allure.java:112)
	at io.qameta.allure.Allure.lambda$step$1(Allure.java:126)
	at io.qameta.allure.Allure.step(Allure.java:180)
	at io.qameta.allure.Allure.step(Allure.java:124)
	at io.qameta.allure.Allure.step(Allure.java:111)
	at tests.Birds.user(Birds.java:52)
</failure>
  </testcase>
  <testcase name="При вводе не корректной почты &quot;qqqqqq@qqq.qq&quot; появляется предупреждение" classname="tests.Birds" time="0.009">
    <failure message="java.lang.NullPointerException: Cannot invoke &quot;String.toLowerCase(java.util.Locale)&quot; because &quot;browser.name&quot; is null" type="java.lang.NullPointerException">java.lang.NullPointerException: Cannot invoke &quot;String.toLowerCase(java.util.Locale)&quot; because &quot;browser.name&quot; is null
	at com.codeborne.selenide.webdriver.WebDriverFactory.findFactory(WebDriverFactory.java:125)
	at com.codeborne.selenide.webdriver.WebDriverFactory.createWebDriverInstance(WebDriverFactory.java:110)
	at com.codeborne.selenide.webdriver.WebDriverFactory.createWebDriver(WebDriverFactory.java:67)
	at com.codeborne.selenide.drivercommands.CreateDriverCommand.lambda$createDriver$0(CreateDriverCommand.java:72)
	at com.codeborne.selenide.logevents.SelenideLogger.wrap(SelenideLogger.java:133)
	at com.codeborne.selenide.logevents.SelenideLogger.get(SelenideLogger.java:113)
	at com.codeborne.selenide.drivercommands.CreateDriverCommand.createDriver(CreateDriverCommand.java:48)
	at com.codeborne.selenide.impl.WebDriverThreadLocalContainer.createDriver(WebDriverThreadLocalContainer.java:189)
	at com.codeborne.selenide.impl.WebDriverThreadLocalContainer.createAndRegisterDriver(WebDriverThreadLocalContainer.java:174)
	at com.codeborne.selenide.impl.WebDriverThreadLocalContainer.getAndCheckWebDriver(WebDriverThreadLocalContainer.java:136)
	at com.codeborne.selenide.WebDriverRunner.getAndCheckWebDriver(WebDriverRunner.java:113)
	at com.codeborne.selenide.impl.StaticDriver.getAndCheckWebDriver(StaticDriver.java:65)
	at com.codeborne.selenide.SelenideDriver.getAndCheckWebDriver(SelenideDriver.java:211)
	at com.codeborne.selenide.drivercommands.Navigator.lambda$navigateTo$0(Navigator.java:70)
	at com.codeborne.selenide.logevents.SelenideLogger.lambda$run$0(SelenideLogger.java:105)
	at com.codeborne.selenide.logevents.SelenideLogger.wrap(SelenideLogger.java:133)
	at com.codeborne.selenide.logevents.SelenideLogger.run(SelenideLogger.java:104)
	at com.codeborne.selenide.drivercommands.Navigator.navigateTo(Navigator.java:68)
	at com.codeborne.selenide.drivercommands.Navigator.open(Navigator.java:31)
	at com.codeborne.selenide.SelenideDriver.open(SelenideDriver.java:93)
	at com.codeborne.selenide.Selenide.open(Selenide.java:53)
	at pages.BirdsLoginPage.openPage(BirdsLoginPage.java:23)
	at tests.Birds.lambda$user$0(Birds.java:54)
	at io.qameta.allure.Allure.lambda$step$0(Allure.java:112)
	at io.qameta.allure.Allure.lambda$step$1(Allure.java:126)
	at io.qameta.allure.Allure.step(Allure.java:180)
	at io.qameta.allure.Allure.step(Allure.java:124)
	at io.qameta.allure.Allure.step(Allure.java:111)
	at tests.Birds.user(Birds.java:52)
</failure>
  </testcase>
  <testcase name="правильный пароль &quot;1234561111111111111111&quot; появляется предупреждение &quot;Неверный логин или пароль.&quot;" classname="tests.Birds" time="0.009">
    <failure message="java.lang.NullPointerException: Cannot invoke &quot;String.toLowerCase(java.util.Locale)&quot; because &quot;browser.name&quot; is null" type="java.lang.NullPointerException">java.lang.NullPointerException: Cannot invoke &quot;String.toLowerCase(java.util.Locale)&quot; because &quot;browser.name&quot; is null
	at com.codeborne.selenide.webdriver.WebDriverFactory.findFactory(WebDriverFactory.java:125)
	at com.codeborne.selenide.webdriver.WebDriverFactory.createWebDriverInstance(WebDriverFactory.java:110)
	at com.codeborne.selenide.webdriver.WebDriverFactory.createWebDriver(WebDriverFactory.java:67)
	at com.codeborne.selenide.drivercommands.CreateDriverCommand.lambda$createDriver$0(CreateDriverCommand.java:72)
	at com.codeborne.selenide.logevents.SelenideLogger.wrap(SelenideLogger.java:133)
	at com.codeborne.selenide.logevents.SelenideLogger.get(SelenideLogger.java:113)
	at com.codeborne.selenide.drivercommands.CreateDriverCommand.createDriver(CreateDriverCommand.java:48)
	at com.codeborne.selenide.impl.WebDriverThreadLocalContainer.createDriver(WebDriverThreadLocalContainer.java:189)
	at com.codeborne.selenide.impl.WebDriverThreadLocalContainer.createAndRegisterDriver(WebDriverThreadLocalContainer.java:174)
	at com.codeborne.selenide.impl.WebDriverThreadLocalContainer.getAndCheckWebDriver(WebDriverThreadLocalContainer.java:136)
	at com.codeborne.selenide.WebDriverRunner.getAndCheckWebDriver(WebDriverRunner.java:113)
	at com.codeborne.selenide.impl.StaticDriver.getAndCheckWebDriver(StaticDriver.java:65)
	at com.codeborne.selenide.SelenideDriver.getAndCheckWebDriver(SelenideDriver.java:211)
	at com.codeborne.selenide.drivercommands.Navigator.lambda$navigateTo$0(Navigator.java:70)
	at com.codeborne.selenide.logevents.SelenideLogger.lambda$run$0(SelenideLogger.java:105)
	at com.codeborne.selenide.logevents.SelenideLogger.wrap(SelenideLogger.java:133)
	at com.codeborne.selenide.logevents.SelenideLogger.run(SelenideLogger.java:104)
	at com.codeborne.selenide.drivercommands.Navigator.navigateTo(Navigator.java:68)
	at com.codeborne.selenide.drivercommands.Navigator.open(Navigator.java:31)
	at com.codeborne.selenide.SelenideDriver.open(SelenideDriver.java:93)
	at com.codeborne.selenide.Selenide.open(Selenide.java:53)
	at pages.BirdsLoginPage.openPage(BirdsLoginPage.java:23)
	at tests.Birds.fieldLoginEmpty(Birds.java:75)
</failure>
  </testcase>
  <testcase name="правильный пароль &quot;УУУУУУУУУУУУ&quot; появляется предупреждение &quot;Неверный логин или пароль.&quot;" classname="tests.Birds" time="0.008">
    <failure message="java.lang.NullPointerException: Cannot invoke &quot;String.toLowerCase(java.util.Locale)&quot; because &quot;browser.name&quot; is null" type="java.lang.NullPointerException">java.lang.NullPointerException: Cannot invoke &quot;String.toLowerCase(java.util.Locale)&quot; because &quot;browser.name&quot; is null
	at com.codeborne.selenide.webdriver.WebDriverFactory.findFactory(WebDriverFactory.java:125)
	at com.codeborne.selenide.webdriver.WebDriverFactory.createWebDriverInstance(WebDriverFactory.java:110)
	at com.codeborne.selenide.webdriver.WebDriverFactory.createWebDriver(WebDriverFactory.java:67)
	at com.codeborne.selenide.drivercommands.CreateDriverCommand.lambda$createDriver$0(CreateDriverCommand.java:72)
	at com.codeborne.selenide.logevents.SelenideLogger.wrap(SelenideLogger.java:133)
	at com.codeborne.selenide.logevents.SelenideLogger.get(SelenideLogger.java:113)
	at com.codeborne.selenide.drivercommands.CreateDriverCommand.createDriver(CreateDriverCommand.java:48)
	at com.codeborne.selenide.impl.WebDriverThreadLocalContainer.createDriver(WebDriverThreadLocalContainer.java:189)
	at com.codeborne.selenide.impl.WebDriverThreadLocalContainer.createAndRegisterDriver(WebDriverThreadLocalContainer.java:174)
	at com.codeborne.selenide.impl.WebDriverThreadLocalContainer.getAndCheckWebDriver(WebDriverThreadLocalContainer.java:136)
	at com.codeborne.selenide.WebDriverRunner.getAndCheckWebDriver(WebDriverRunner.java:113)
	at com.codeborne.selenide.impl.StaticDriver.getAndCheckWebDriver(StaticDriver.java:65)
	at com.codeborne.selenide.SelenideDriver.getAndCheckWebDriver(SelenideDriver.java:211)
	at com.codeborne.selenide.drivercommands.Navigator.lambda$navigateTo$0(Navigator.java:70)
	at com.codeborne.selenide.logevents.SelenideLogger.lambda$run$0(SelenideLogger.java:105)
	at com.codeborne.selenide.logevents.SelenideLogger.wrap(SelenideLogger.java:133)
	at com.codeborne.selenide.logevents.SelenideLogger.run(SelenideLogger.java:104)
	at com.codeborne.selenide.drivercommands.Navigator.navigateTo(Navigator.java:68)
	at com.codeborne.selenide.drivercommands.Navigator.open(Navigator.java:31)
	at com.codeborne.selenide.SelenideDriver.open(SelenideDriver.java:93)
	at com.codeborne.selenide.Selenide.open(Selenide.java:53)
	at pages.BirdsLoginPage.openPage(BirdsLoginPage.java:23)
	at tests.Birds.fieldLoginEmpty(Birds.java:75)
</failure>
  </testcase>
  <testcase name="siteShouldHaveRusAndEndButton(Language, List)" classname="tests.Birds" time="0.005">
    <skipped/>
  </testcase>
  <system-out><![CDATA[]]></system-out>
  <system-err><![CDATA[[Test worker] INFO com.codeborne.selenide.impl.WebDriverThreadLocalContainer - No webdriver is bound to current thread: 1 - let's create a new webdriver
[Test worker] INFO com.codeborne.selenide.impl.WebDriverThreadLocalContainer - No webdriver is bound to current thread: 1 - let's create a new webdriver
[Test worker] INFO com.codeborne.selenide.impl.WebDriverThreadLocalContainer - No webdriver is bound to current thread: 1 - let's create a new webdriver
[Test worker] INFO com.codeborne.selenide.impl.WebDriverThreadLocalContainer - No webdriver is bound to current thread: 1 - let's create a new webdriver
[Test worker] INFO com.codeborne.selenide.impl.WebDriverThreadLocalContainer - No webdriver is bound to current thread: 1 - let's create a new webdriver
[Test worker] INFO com.codeborne.selenide.impl.WebDriverThreadLocalContainer - No webdriver is bound to current thread: 1 - let's create a new webdriver
[Test worker] INFO com.codeborne.selenide.impl.WebDriverThreadLocalContainer - No webdriver is bound to current thread: 1 - let's create a new webdriver
[Test worker] INFO com.codeborne.selenide.impl.WebDriverThreadLocalContainer - No webdriver is bound to current thread: 1 - let's create a new webdriver
[Test worker] INFO com.codeborne.selenide.impl.WebDriverThreadLocalContainer - No webdriver is bound to current thread: 1 - let's create a new webdriver
[Test worker] INFO com.codeborne.selenide.impl.WebDriverThreadLocalContainer - No webdriver is bound to current thread: 1 - let's create a new webdriver
[Test worker] INFO com.codeborne.selenide.impl.WebDriverThreadLocalContainer - No webdriver is bound to current thread: 1 - let's create a new webdriver
[Test worker] INFO com.codeborne.selenide.impl.WebDriverThreadLocalContainer - No webdriver is bound to current thread: 1 - let's create a new webdriver
[Test worker] INFO com.codeborne.selenide.impl.WebDriverThreadLocalContainer - No webdriver is bound to current thread: 1 - let's create a new webdriver
[Test worker] INFO com.codeborne.selenide.impl.WebDriverThreadLocalContainer - No webdriver is bound to current thread: 1 - let's create a new webdriver
[Test worker] INFO com.codeborne.selenide.impl.WebDriverThreadLocalContainer - No webdriver is bound to current thread: 1 - let's create a new webdriver
[Test worker] INFO com.codeborne.selenide.impl.WebDriverThreadLocalContainer - No webdriver is bound to current thread: 1 - let's create a new webdriver
[Test worker] INFO com.codeborne.selenide.impl.WebDriverThreadLocalContainer - No webdriver is bound to current thread: 1 - let's create a new webdriver
]]></system-err>
</testsuite>
