<?xml version="1.0" encoding="UTF-8"?>
<testsuite name="КЛАСС ТЕСТОВ НА АВТОРИЗАЦИЮ ПОЛЬЗОВАТЕЛЯ" tests="18" skipped="1" failures="0" errors="0" timestamp="2026-06-10T20:24:28.782Z" hostname="KOMPUTER" time="196.608">
  <properties/>
  <testcase name="[1] RU" classname="tests.Birds" time="9.357"/>
  <testcase name="[2] EN" classname="tests.Birds" time="7.899"/>
  <testcase name="Вводиться неверный пароль &quot;1&quot; и появляется предупреждение &quot;Неверный логин или пароль.&quot;" classname="tests.Birds" time="13.776"/>
  <testcase name="Вводиться неверный пароль &quot;dfgdfgfdg&quot; и появляется предупреждение &quot;Неверный логин или пароль.&quot;" classname="tests.Birds" time="12.961"/>
  <testcase name="Вводиться неверный пароль &quot;2&quot; и появляется предупреждение &quot;Неверный логин или пароль.&quot;" classname="tests.Birds" time="12.412"/>
  <testcase name="Вводиться неверный пароль &quot;!!!!!!!&quot; и появляется предупреждение &quot;Неверный логин или пароль.&quot;" classname="tests.Birds" time="11.883"/>
  <testcase name="Вводиться неверный пароль &quot;********&quot; и появляется предупреждение &quot;Неверный логин или пароль.&quot;" classname="tests.Birds" time="11.955"/>
  <testcase name="Вводиться неверный пароль &quot;%*&amp;YJHJfg&quot; и появляется предупреждение &quot;Неверный логин или пароль.&quot;" classname="tests.Birds" time="11.802"/>
  <testcase name="Вводиться неверный пароль &quot;GGGGGGGGG&quot; и появляется предупреждение &quot;Неверный логин или пароль.&quot;" classname="tests.Birds" time="13.162"/>
  <testcase name="Вводиться неверный пароль &quot;00000-0000&quot; и появляется предупреждение &quot;Неверный логин или пароль.&quot;" classname="tests.Birds" time="16.148"/>
  <testcase name="Вводиться неверный пароль &quot;30&quot; и появляется предупреждение &quot;Неверный логин или пароль.&quot;" classname="tests.Birds" time="11.42"/>
  <testcase name="Проверяем что есть предупреждение о куках" classname="tests.Birds" time="8.669"/>
  <testcase name="При вводе не корректной почты &quot;яяяяя@яяяя.яя&quot; появляется предупреждение" classname="tests.Birds" time="10.504"/>
  <testcase name="При вводе не корректной почты &quot;1111111@1111.11&quot; появляется предупреждение" classname="tests.Birds" time="11.365"/>
  <testcase name="При вводе не корректной почты &quot;qqqqqq@qqq.qq&quot; появляется предупреждение" classname="tests.Birds" time="11.003"/>
  <testcase name="правильный пароль &quot;1234561111111111111111&quot; появляется предупреждение &quot;Неверный логин или пароль.&quot;" classname="tests.Birds" time="10.079"/>
  <testcase name="правильный пароль &quot;УУУУУУУУУУУУ&quot; появляется предупреждение &quot;Неверный логин или пароль.&quot;" classname="tests.Birds" time="11.559"/>
  <testcase name="siteShouldHaveRusAndEndButton(Language, List)" classname="tests.Birds" time="0.005">
    <skipped/>
  </testcase>
  <system-out><![CDATA[]]></system-out>
  <system-err><![CDATA[[Test worker] INFO com.codeborne.selenide.impl.WebDriverThreadLocalContainer - No webdriver is bound to current thread: 1 - let's create a new webdriver
[Test worker] INFO com.codeborne.selenide.webdriver.WebDriverFactory - BrowserName=chrome Version=128.0.6613.137 Platform=linux
[Test worker] INFO com.codeborne.selenide.webdriver.WebDriverFactory - Selenide v. 7.2.0
[Test worker] INFO com.codeborne.selenide.webdriver.WebDriverFactory - Selenium WebDriver v. 4.18.1 build revision: b1d3319b48
[Test worker] INFO com.codeborne.selenide.drivercommands.CreateDriverCommand - Created webdriver in thread 1: RemoteWebDriver -> RemoteWebDriver: chrome on linux (10e8510bc2e97fcd885c4e1400cd9524), downloadsFolder: null
[Test worker] INFO com.codeborne.selenide.drivercommands.DisposablesRegistry - Register WebDriverInstance[config=StaticConfig, webDriver=RemoteWebDriver: chrome on linux (10e8510bc2e97fcd885c4e1400cd9524), proxy=null, downloadsFolder=null] in 1 [size=1]
[Test worker] INFO com.codeborne.selenide.drivercommands.DisposablesRegistry - Add shutdown hook in 1 [size=1]
[Test worker] INFO com.codeborne.selenide.drivercommands.CloseDriverCommand - Close webdriver: 1 -> RemoteWebDriver: chrome on linux (10e8510bc2e97fcd885c4e1400cd9524)...
[Test worker] INFO com.codeborne.selenide.drivercommands.CloseDriverCommand - Closed webdriver 1 in 117 ms
[Test worker] INFO com.codeborne.selenide.drivercommands.DisposablesRegistry - Unregister WebDriverInstance[config=StaticConfig, webDriver=RemoteWebDriver: chrome on linux (null), proxy=null, downloadsFolder=null] in 1 [size=0]
[Test worker] INFO com.codeborne.selenide.impl.WebDriverThreadLocalContainer - No webdriver is bound to current thread: 1 - let's create a new webdriver
[Test worker] INFO com.codeborne.selenide.webdriver.WebDriverFactory - BrowserName=chrome Version=128.0.6613.137 Platform=linux
[Test worker] INFO com.codeborne.selenide.webdriver.WebDriverFactory - Selenide v. 7.2.0
[Test worker] INFO com.codeborne.selenide.webdriver.WebDriverFactory - Selenium WebDriver v. 4.18.1 build revision: b1d3319b48
[Test worker] INFO com.codeborne.selenide.drivercommands.CreateDriverCommand - Created webdriver in thread 1: RemoteWebDriver -> RemoteWebDriver: chrome on linux (4f529491c1070b7dbd51584e732cd9a6), downloadsFolder: null
[Test worker] INFO com.codeborne.selenide.drivercommands.DisposablesRegistry - Register WebDriverInstance[config=StaticConfig, webDriver=RemoteWebDriver: chrome on linux (4f529491c1070b7dbd51584e732cd9a6), proxy=null, downloadsFolder=null] in 1 [size=1]
[Test worker] INFO com.codeborne.selenide.drivercommands.CloseDriverCommand - Close webdriver: 1 -> RemoteWebDriver: chrome on linux (4f529491c1070b7dbd51584e732cd9a6)...
[Test worker] INFO com.codeborne.selenide.drivercommands.CloseDriverCommand - Closed webdriver 1 in 112 ms
[Test worker] INFO com.codeborne.selenide.drivercommands.DisposablesRegistry - Unregister WebDriverInstance[config=StaticConfig, webDriver=RemoteWebDriver: chrome on linux (null), proxy=null, downloadsFolder=null] in 1 [size=0]
[Test worker] INFO com.codeborne.selenide.impl.WebDriverThreadLocalContainer - No webdriver is bound to current thread: 1 - let's create a new webdriver
[Test worker] INFO com.codeborne.selenide.webdriver.WebDriverFactory - BrowserName=chrome Version=128.0.6613.137 Platform=linux
[Test worker] INFO com.codeborne.selenide.webdriver.WebDriverFactory - Selenide v. 7.2.0
[Test worker] INFO com.codeborne.selenide.webdriver.WebDriverFactory - Selenium WebDriver v. 4.18.1 build revision: b1d3319b48
[Test worker] INFO com.codeborne.selenide.drivercommands.CreateDriverCommand - Created webdriver in thread 1: RemoteWebDriver -> RemoteWebDriver: chrome on linux (705b8aa31de6c657451b6cdb18b8e5b3), downloadsFolder: null
[Test worker] INFO com.codeborne.selenide.drivercommands.DisposablesRegistry - Register WebDriverInstance[config=StaticConfig, webDriver=RemoteWebDriver: chrome on linux (705b8aa31de6c657451b6cdb18b8e5b3), proxy=null, downloadsFolder=null] in 1 [size=1]
[Test worker] INFO com.codeborne.selenide.drivercommands.CloseDriverCommand - Close webdriver: 1 -> RemoteWebDriver: chrome on linux (705b8aa31de6c657451b6cdb18b8e5b3)...
[Test worker] INFO com.codeborne.selenide.drivercommands.CloseDriverCommand - Closed webdriver 1 in 253 ms
[Test worker] INFO com.codeborne.selenide.drivercommands.DisposablesRegistry - Unregister WebDriverInstance[config=StaticConfig, webDriver=RemoteWebDriver: chrome on linux (null), proxy=null, downloadsFolder=null] in 1 [size=0]
[Test worker] INFO com.codeborne.selenide.impl.WebDriverThreadLocalContainer - No webdriver is bound to current thread: 1 - let's create a new webdriver
[Test worker] INFO com.codeborne.selenide.webdriver.WebDriverFactory - BrowserName=chrome Version=128.0.6613.137 Platform=linux
[Test worker] INFO com.codeborne.selenide.webdriver.WebDriverFactory - Selenide v. 7.2.0
[Test worker] INFO com.codeborne.selenide.webdriver.WebDriverFactory - Selenium WebDriver v. 4.18.1 build revision: b1d3319b48
[Test worker] INFO com.codeborne.selenide.drivercommands.CreateDriverCommand - Created webdriver in thread 1: RemoteWebDriver -> RemoteWebDriver: chrome on linux (02da8b29c8c71ce9100a84abfb483fb2), downloadsFolder: null
[Test worker] INFO com.codeborne.selenide.drivercommands.DisposablesRegistry - Register WebDriverInstance[config=StaticConfig, webDriver=RemoteWebDriver: chrome on linux (02da8b29c8c71ce9100a84abfb483fb2), proxy=null, downloadsFolder=null] in 1 [size=1]
[Test worker] INFO com.codeborne.selenide.drivercommands.CloseDriverCommand - Close webdriver: 1 -> RemoteWebDriver: chrome on linux (02da8b29c8c71ce9100a84abfb483fb2)...
[Test worker] INFO com.codeborne.selenide.drivercommands.CloseDriverCommand - Closed webdriver 1 in 109 ms
[Test worker] INFO com.codeborne.selenide.drivercommands.DisposablesRegistry - Unregister WebDriverInstance[config=StaticConfig, webDriver=RemoteWebDriver: chrome on linux (null), proxy=null, downloadsFolder=null] in 1 [size=0]
[Test worker] INFO com.codeborne.selenide.impl.WebDriverThreadLocalContainer - No webdriver is bound to current thread: 1 - let's create a new webdriver
[Test worker] INFO com.codeborne.selenide.webdriver.WebDriverFactory - BrowserName=chrome Version=128.0.6613.137 Platform=linux
[Test worker] INFO com.codeborne.selenide.webdriver.WebDriverFactory - Selenide v. 7.2.0
[Test worker] INFO com.codeborne.selenide.webdriver.WebDriverFactory - Selenium WebDriver v. 4.18.1 build revision: b1d3319b48
[Test worker] INFO com.codeborne.selenide.drivercommands.CreateDriverCommand - Created webdriver in thread 1: RemoteWebDriver -> RemoteWebDriver: chrome on linux (6bb76b86a1f24ba391752eb79fc324c8), downloadsFolder: null
[Test worker] INFO com.codeborne.selenide.drivercommands.DisposablesRegistry - Register WebDriverInstance[config=StaticConfig, webDriver=RemoteWebDriver: chrome on linux (6bb76b86a1f24ba391752eb79fc324c8), proxy=null, downloadsFolder=null] in 1 [size=1]
[Test worker] INFO com.codeborne.selenide.drivercommands.CloseDriverCommand - Close webdriver: 1 -> RemoteWebDriver: chrome on linux (6bb76b86a1f24ba391752eb79fc324c8)...
[Test worker] INFO com.codeborne.selenide.drivercommands.CloseDriverCommand - Closed webdriver 1 in 113 ms
[Test worker] INFO com.codeborne.selenide.drivercommands.DisposablesRegistry - Unregister WebDriverInstance[config=StaticConfig, webDriver=RemoteWebDriver: chrome on linux (null), proxy=null, downloadsFolder=null] in 1 [size=0]
[Test worker] INFO com.codeborne.selenide.impl.WebDriverThreadLocalContainer - No webdriver is bound to current thread: 1 - let's create a new webdriver
[Test worker] INFO com.codeborne.selenide.webdriver.WebDriverFactory - BrowserName=chrome Version=128.0.6613.137 Platform=linux
[Test worker] INFO com.codeborne.selenide.webdriver.WebDriverFactory - Selenide v. 7.2.0
[Test worker] INFO com.codeborne.selenide.webdriver.WebDriverFactory - Selenium WebDriver v. 4.18.1 build revision: b1d3319b48
[Test worker] INFO com.codeborne.selenide.drivercommands.CreateDriverCommand - Created webdriver in thread 1: RemoteWebDriver -> RemoteWebDriver: chrome on linux (3d40e49ac13677c15481a7da7d8deb11), downloadsFolder: null
[Test worker] INFO com.codeborne.selenide.drivercommands.DisposablesRegistry - Register WebDriverInstance[config=StaticConfig, webDriver=RemoteWebDriver: chrome on linux (3d40e49ac13677c15481a7da7d8deb11), proxy=null, downloadsFolder=null] in 1 [size=1]
[Test worker] INFO com.codeborne.selenide.drivercommands.CloseDriverCommand - Close webdriver: 1 -> RemoteWebDriver: chrome on linux (3d40e49ac13677c15481a7da7d8deb11)...
[Test worker] INFO com.codeborne.selenide.drivercommands.CloseDriverCommand - Closed webdriver 1 in 99 ms
[Test worker] INFO com.codeborne.selenide.drivercommands.DisposablesRegistry - Unregister WebDriverInstance[config=StaticConfig, webDriver=RemoteWebDriver: chrome on linux (null), proxy=null, downloadsFolder=null] in 1 [size=0]
[Test worker] INFO com.codeborne.selenide.impl.WebDriverThreadLocalContainer - No webdriver is bound to current thread: 1 - let's create a new webdriver
[Test worker] INFO com.codeborne.selenide.webdriver.WebDriverFactory - BrowserName=chrome Version=128.0.6613.137 Platform=linux
[Test worker] INFO com.codeborne.selenide.webdriver.WebDriverFactory - Selenide v. 7.2.0
[Test worker] INFO com.codeborne.selenide.webdriver.WebDriverFactory - Selenium WebDriver v. 4.18.1 build revision: b1d3319b48
[Test worker] INFO com.codeborne.selenide.drivercommands.CreateDriverCommand - Created webdriver in thread 1: RemoteWebDriver -> RemoteWebDriver: chrome on linux (9a2e67d4f730490700401c883bea1668), downloadsFolder: null
[Test worker] INFO com.codeborne.selenide.drivercommands.DisposablesRegistry - Register WebDriverInstance[config=StaticConfig, webDriver=RemoteWebDriver: chrome on linux (9a2e67d4f730490700401c883bea1668), proxy=null, downloadsFolder=null] in 1 [size=1]
[Test worker] INFO com.codeborne.selenide.drivercommands.CloseDriverCommand - Close webdriver: 1 -> RemoteWebDriver: chrome on linux (9a2e67d4f730490700401c883bea1668)...
[Test worker] INFO com.codeborne.selenide.drivercommands.CloseDriverCommand - Closed webdriver 1 in 267 ms
[Test worker] INFO com.codeborne.selenide.drivercommands.DisposablesRegistry - Unregister WebDriverInstance[config=StaticConfig, webDriver=RemoteWebDriver: chrome on linux (null), proxy=null, downloadsFolder=null] in 1 [size=0]
[Test worker] INFO com.codeborne.selenide.impl.WebDriverThreadLocalContainer - No webdriver is bound to current thread: 1 - let's create a new webdriver
[Test worker] INFO com.codeborne.selenide.webdriver.WebDriverFactory - BrowserName=chrome Version=128.0.6613.137 Platform=linux
[Test worker] INFO com.codeborne.selenide.webdriver.WebDriverFactory - Selenide v. 7.2.0
[Test worker] INFO com.codeborne.selenide.webdriver.WebDriverFactory - Selenium WebDriver v. 4.18.1 build revision: b1d3319b48
[Test worker] INFO com.codeborne.selenide.drivercommands.CreateDriverCommand - Created webdriver in thread 1: RemoteWebDriver -> RemoteWebDriver: chrome on linux (1868ff658dc2dc5188b414ee098676f4), downloadsFolder: null
[Test worker] INFO com.codeborne.selenide.drivercommands.DisposablesRegistry - Register WebDriverInstance[config=StaticConfig, webDriver=RemoteWebDriver: chrome on linux (1868ff658dc2dc5188b414ee098676f4), proxy=null, downloadsFolder=null] in 1 [size=1]
[Test worker] INFO com.codeborne.selenide.drivercommands.CloseDriverCommand - Close webdriver: 1 -> RemoteWebDriver: chrome on linux (1868ff658dc2dc5188b414ee098676f4)...
[Test worker] INFO com.codeborne.selenide.drivercommands.CloseDriverCommand - Closed webdriver 1 in 106 ms
[Test worker] INFO com.codeborne.selenide.drivercommands.DisposablesRegistry - Unregister WebDriverInstance[config=StaticConfig, webDriver=RemoteWebDriver: chrome on linux (null), proxy=null, downloadsFolder=null] in 1 [size=0]
[Test worker] INFO com.codeborne.selenide.impl.WebDriverThreadLocalContainer - No webdriver is bound to current thread: 1 - let's create a new webdriver
[Test worker] INFO com.codeborne.selenide.webdriver.WebDriverFactory - BrowserName=chrome Version=128.0.6613.137 Platform=linux
[Test worker] INFO com.codeborne.selenide.webdriver.WebDriverFactory - Selenide v. 7.2.0
[Test worker] INFO com.codeborne.selenide.webdriver.WebDriverFactory - Selenium WebDriver v. 4.18.1 build revision: b1d3319b48
[Test worker] INFO com.codeborne.selenide.drivercommands.CreateDriverCommand - Created webdriver in thread 1: RemoteWebDriver -> RemoteWebDriver: chrome on linux (97d9855d94f55a8ff13f827dc658ffb3), downloadsFolder: null
[Test worker] INFO com.codeborne.selenide.drivercommands.DisposablesRegistry - Register WebDriverInstance[config=StaticConfig, webDriver=RemoteWebDriver: chrome on linux (97d9855d94f55a8ff13f827dc658ffb3), proxy=null, downloadsFolder=null] in 1 [size=1]
[Test worker] INFO com.codeborne.selenide.drivercommands.CloseDriverCommand - Close webdriver: 1 -> RemoteWebDriver: chrome on linux (97d9855d94f55a8ff13f827dc658ffb3)...
[Test worker] INFO com.codeborne.selenide.drivercommands.CloseDriverCommand - Closed webdriver 1 in 109 ms
[Test worker] INFO com.codeborne.selenide.drivercommands.DisposablesRegistry - Unregister WebDriverInstance[config=StaticConfig, webDriver=RemoteWebDriver: chrome on linux (null), proxy=null, downloadsFolder=null] in 1 [size=0]
[Test worker] INFO com.codeborne.selenide.impl.WebDriverThreadLocalContainer - No webdriver is bound to current thread: 1 - let's create a new webdriver
[Test worker] INFO com.codeborne.selenide.webdriver.WebDriverFactory - BrowserName=chrome Version=128.0.6613.137 Platform=linux
[Test worker] INFO com.codeborne.selenide.webdriver.WebDriverFactory - Selenide v. 7.2.0
[Test worker] INFO com.codeborne.selenide.webdriver.WebDriverFactory - Selenium WebDriver v. 4.18.1 build revision: b1d3319b48
[Test worker] INFO com.codeborne.selenide.drivercommands.CreateDriverCommand - Created webdriver in thread 1: RemoteWebDriver -> RemoteWebDriver: chrome on linux (6980bb3a20b479beef8f7df6da85f7b1), downloadsFolder: null
[Test worker] INFO com.codeborne.selenide.drivercommands.DisposablesRegistry - Register WebDriverInstance[config=StaticConfig, webDriver=RemoteWebDriver: chrome on linux (6980bb3a20b479beef8f7df6da85f7b1), proxy=null, downloadsFolder=null] in 1 [size=1]
[Test worker] INFO com.codeborne.selenide.drivercommands.CloseDriverCommand - Close webdriver: 1 -> RemoteWebDriver: chrome on linux (6980bb3a20b479beef8f7df6da85f7b1)...
[Test worker] INFO com.codeborne.selenide.drivercommands.CloseDriverCommand - Closed webdriver 1 in 208 ms
[Test worker] INFO com.codeborne.selenide.drivercommands.DisposablesRegistry - Unregister WebDriverInstance[config=StaticConfig, webDriver=RemoteWebDriver: chrome on linux (null), proxy=null, downloadsFolder=null] in 1 [size=0]
[Test worker] INFO com.codeborne.selenide.impl.WebDriverThreadLocalContainer - No webdriver is bound to current thread: 1 - let's create a new webdriver
[Test worker] INFO com.codeborne.selenide.webdriver.WebDriverFactory - BrowserName=chrome Version=128.0.6613.137 Platform=linux
[Test worker] INFO com.codeborne.selenide.webdriver.WebDriverFactory - Selenide v. 7.2.0
[Test worker] INFO com.codeborne.selenide.webdriver.WebDriverFactory - Selenium WebDriver v. 4.18.1 build revision: b1d3319b48
[Test worker] INFO com.codeborne.selenide.drivercommands.CreateDriverCommand - Created webdriver in thread 1: RemoteWebDriver -> RemoteWebDriver: chrome on linux (13909de6db0174dbeed570fa482566b5), downloadsFolder: null
[Test worker] INFO com.codeborne.selenide.drivercommands.DisposablesRegistry - Register WebDriverInstance[config=StaticConfig, webDriver=RemoteWebDriver: chrome on linux (13909de6db0174dbeed570fa482566b5), proxy=null, downloadsFolder=null] in 1 [size=1]
[Test worker] INFO com.codeborne.selenide.drivercommands.CloseDriverCommand - Close webdriver: 1 -> RemoteWebDriver: chrome on linux (13909de6db0174dbeed570fa482566b5)...
[Test worker] INFO com.codeborne.selenide.drivercommands.CloseDriverCommand - Closed webdriver 1 in 105 ms
[Test worker] INFO com.codeborne.selenide.drivercommands.DisposablesRegistry - Unregister WebDriverInstance[config=StaticConfig, webDriver=RemoteWebDriver: chrome on linux (null), proxy=null, downloadsFolder=null] in 1 [size=0]
[Test worker] INFO com.codeborne.selenide.impl.WebDriverThreadLocalContainer - No webdriver is bound to current thread: 1 - let's create a new webdriver
[Test worker] INFO com.codeborne.selenide.webdriver.WebDriverFactory - BrowserName=chrome Version=128.0.6613.137 Platform=linux
[Test worker] INFO com.codeborne.selenide.webdriver.WebDriverFactory - Selenide v. 7.2.0
[Test worker] INFO com.codeborne.selenide.webdriver.WebDriverFactory - Selenium WebDriver v. 4.18.1 build revision: b1d3319b48
[Test worker] INFO com.codeborne.selenide.drivercommands.CreateDriverCommand - Created webdriver in thread 1: RemoteWebDriver -> RemoteWebDriver: chrome on linux (e1e79a23fd402eb5b583cdc389b53590), downloadsFolder: null
[Test worker] INFO com.codeborne.selenide.drivercommands.DisposablesRegistry - Register WebDriverInstance[config=StaticConfig, webDriver=RemoteWebDriver: chrome on linux (e1e79a23fd402eb5b583cdc389b53590), proxy=null, downloadsFolder=null] in 1 [size=1]
[Test worker] INFO com.codeborne.selenide.drivercommands.CloseDriverCommand - Close webdriver: 1 -> RemoteWebDriver: chrome on linux (e1e79a23fd402eb5b583cdc389b53590)...
[Test worker] INFO com.codeborne.selenide.drivercommands.CloseDriverCommand - Closed webdriver 1 in 156 ms
[Test worker] INFO com.codeborne.selenide.drivercommands.DisposablesRegistry - Unregister WebDriverInstance[config=StaticConfig, webDriver=RemoteWebDriver: chrome on linux (null), proxy=null, downloadsFolder=null] in 1 [size=0]
[Test worker] INFO com.codeborne.selenide.impl.WebDriverThreadLocalContainer - No webdriver is bound to current thread: 1 - let's create a new webdriver
[Test worker] INFO com.codeborne.selenide.webdriver.WebDriverFactory - BrowserName=chrome Version=128.0.6613.137 Platform=linux
[Test worker] INFO com.codeborne.selenide.webdriver.WebDriverFactory - Selenide v. 7.2.0
[Test worker] INFO com.codeborne.selenide.webdriver.WebDriverFactory - Selenium WebDriver v. 4.18.1 build revision: b1d3319b48
[Test worker] INFO com.codeborne.selenide.drivercommands.CreateDriverCommand - Created webdriver in thread 1: RemoteWebDriver -> RemoteWebDriver: chrome on linux (89b022384bb949e42f5d8350b163200f), downloadsFolder: null
[Test worker] INFO com.codeborne.selenide.drivercommands.DisposablesRegistry - Register WebDriverInstance[config=StaticConfig, webDriver=RemoteWebDriver: chrome on linux (89b022384bb949e42f5d8350b163200f), proxy=null, downloadsFolder=null] in 1 [size=1]
[Test worker] INFO com.codeborne.selenide.drivercommands.CloseDriverCommand - Close webdriver: 1 -> RemoteWebDriver: chrome on linux (89b022384bb949e42f5d8350b163200f)...
[Test worker] INFO com.codeborne.selenide.drivercommands.CloseDriverCommand - Closed webdriver 1 in 103 ms
[Test worker] INFO com.codeborne.selenide.drivercommands.DisposablesRegistry - Unregister WebDriverInstance[config=StaticConfig, webDriver=RemoteWebDriver: chrome on linux (null), proxy=null, downloadsFolder=null] in 1 [size=0]
[Test worker] INFO com.codeborne.selenide.impl.WebDriverThreadLocalContainer - No webdriver is bound to current thread: 1 - let's create a new webdriver
[Test worker] INFO com.codeborne.selenide.webdriver.WebDriverFactory - BrowserName=chrome Version=128.0.6613.137 Platform=linux
[Test worker] INFO com.codeborne.selenide.webdriver.WebDriverFactory - Selenide v. 7.2.0
[Test worker] INFO com.codeborne.selenide.webdriver.WebDriverFactory - Selenium WebDriver v. 4.18.1 build revision: b1d3319b48
[Test worker] INFO com.codeborne.selenide.drivercommands.CreateDriverCommand - Created webdriver in thread 1: RemoteWebDriver -> RemoteWebDriver: chrome on linux (dec5ad1381cbdfc9257abf5fc7d1691e), downloadsFolder: null
[Test worker] INFO com.codeborne.selenide.drivercommands.DisposablesRegistry - Register WebDriverInstance[config=StaticConfig, webDriver=RemoteWebDriver: chrome on linux (dec5ad1381cbdfc9257abf5fc7d1691e), proxy=null, downloadsFolder=null] in 1 [size=1]
[Test worker] INFO com.codeborne.selenide.drivercommands.CloseDriverCommand - Close webdriver: 1 -> RemoteWebDriver: chrome on linux (dec5ad1381cbdfc9257abf5fc7d1691e)...
[Test worker] INFO com.codeborne.selenide.drivercommands.CloseDriverCommand - Closed webdriver 1 in 160 ms
[Test worker] INFO com.codeborne.selenide.drivercommands.DisposablesRegistry - Unregister WebDriverInstance[config=StaticConfig, webDriver=RemoteWebDriver: chrome on linux (null), proxy=null, downloadsFolder=null] in 1 [size=0]
[Test worker] INFO com.codeborne.selenide.impl.WebDriverThreadLocalContainer - No webdriver is bound to current thread: 1 - let's create a new webdriver
[Test worker] INFO com.codeborne.selenide.webdriver.WebDriverFactory - BrowserName=chrome Version=128.0.6613.137 Platform=linux
[Test worker] INFO com.codeborne.selenide.webdriver.WebDriverFactory - Selenide v. 7.2.0
[Test worker] INFO com.codeborne.selenide.webdriver.WebDriverFactory - Selenium WebDriver v. 4.18.1 build revision: b1d3319b48
[Test worker] INFO com.codeborne.selenide.drivercommands.CreateDriverCommand - Created webdriver in thread 1: RemoteWebDriver -> RemoteWebDriver: chrome on linux (d04d9d6e90e07fdab6c94cb55a498b25), downloadsFolder: null
[Test worker] INFO com.codeborne.selenide.drivercommands.DisposablesRegistry - Register WebDriverInstance[config=StaticConfig, webDriver=RemoteWebDriver: chrome on linux (d04d9d6e90e07fdab6c94cb55a498b25), proxy=null, downloadsFolder=null] in 1 [size=1]
[Test worker] INFO com.codeborne.selenide.drivercommands.CloseDriverCommand - Close webdriver: 1 -> RemoteWebDriver: chrome on linux (d04d9d6e90e07fdab6c94cb55a498b25)...
[Test worker] INFO com.codeborne.selenide.drivercommands.CloseDriverCommand - Closed webdriver 1 in 101 ms
[Test worker] INFO com.codeborne.selenide.drivercommands.DisposablesRegistry - Unregister WebDriverInstance[config=StaticConfig, webDriver=RemoteWebDriver: chrome on linux (null), proxy=null, downloadsFolder=null] in 1 [size=0]
[Test worker] INFO com.codeborne.selenide.impl.WebDriverThreadLocalContainer - No webdriver is bound to current thread: 1 - let's create a new webdriver
[Test worker] INFO com.codeborne.selenide.webdriver.WebDriverFactory - BrowserName=chrome Version=128.0.6613.137 Platform=linux
[Test worker] INFO com.codeborne.selenide.webdriver.WebDriverFactory - Selenide v. 7.2.0
[Test worker] INFO com.codeborne.selenide.webdriver.WebDriverFactory - Selenium WebDriver v. 4.18.1 build revision: b1d3319b48
[Test worker] INFO com.codeborne.selenide.drivercommands.CreateDriverCommand - Created webdriver in thread 1: RemoteWebDriver -> RemoteWebDriver: chrome on linux (ae8a72988415702b1076547131ac5770), downloadsFolder: null
[Test worker] INFO com.codeborne.selenide.drivercommands.DisposablesRegistry - Register WebDriverInstance[config=StaticConfig, webDriver=RemoteWebDriver: chrome on linux (ae8a72988415702b1076547131ac5770), proxy=null, downloadsFolder=null] in 1 [size=1]
[Test worker] INFO com.codeborne.selenide.drivercommands.CloseDriverCommand - Close webdriver: 1 -> RemoteWebDriver: chrome on linux (ae8a72988415702b1076547131ac5770)...
[Test worker] INFO com.codeborne.selenide.drivercommands.CloseDriverCommand - Closed webdriver 1 in 107 ms
[Test worker] INFO com.codeborne.selenide.drivercommands.DisposablesRegistry - Unregister WebDriverInstance[config=StaticConfig, webDriver=RemoteWebDriver: chrome on linux (null), proxy=null, downloadsFolder=null] in 1 [size=0]
[Test worker] INFO com.codeborne.selenide.impl.WebDriverThreadLocalContainer - No webdriver is bound to current thread: 1 - let's create a new webdriver
[Test worker] INFO com.codeborne.selenide.webdriver.WebDriverFactory - BrowserName=chrome Version=128.0.6613.137 Platform=linux
[Test worker] INFO com.codeborne.selenide.webdriver.WebDriverFactory - Selenide v. 7.2.0
[Test worker] INFO com.codeborne.selenide.webdriver.WebDriverFactory - Selenium WebDriver v. 4.18.1 build revision: b1d3319b48
[Test worker] INFO com.codeborne.selenide.drivercommands.CreateDriverCommand - Created webdriver in thread 1: RemoteWebDriver -> RemoteWebDriver: chrome on linux (2259ca0de8e8b1c6af867f5674b7d0f8), downloadsFolder: null
[Test worker] INFO com.codeborne.selenide.drivercommands.DisposablesRegistry - Register WebDriverInstance[config=StaticConfig, webDriver=RemoteWebDriver: chrome on linux (2259ca0de8e8b1c6af867f5674b7d0f8), proxy=null, downloadsFolder=null] in 1 [size=1]
[Test worker] INFO com.codeborne.selenide.drivercommands.CloseDriverCommand - Close webdriver: 1 -> RemoteWebDriver: chrome on linux (2259ca0de8e8b1c6af867f5674b7d0f8)...
[Test worker] INFO com.codeborne.selenide.drivercommands.CloseDriverCommand - Closed webdriver 1 in 108 ms
[Test worker] INFO com.codeborne.selenide.drivercommands.DisposablesRegistry - Unregister WebDriverInstance[config=StaticConfig, webDriver=RemoteWebDriver: chrome on linux (null), proxy=null, downloadsFolder=null] in 1 [size=0]
]]></system-err>
</testsuite>
