<?xml version="1.0" encoding="UTF-8"?>
<testsuite name="quru.qa.SelenideFilesTest" tests="2" skipped="0" failures="1" errors="0" timestamp="2026-06-09T20:34:34.960Z" hostname="KOMPUTER" time="13.308">
  <properties/>
  <testcase name="downloadFileTest()" classname="quru.qa.SelenideFilesTest" time="5.507"/>
  <testcase name="uploadFileTest()" classname="quru.qa.SelenideFilesTest" time="7.789">
    <failure message="Element should have text &quot;Р”Р°РЅРЅС‹Р№ С‚РёРїР° С„Р°Р№Р»Р° РЅРµ РїРѕРґРґРµСЂР¶РёРІР°РµС‚СЃСЏ&quot; {.modal-body div.h}&#13;&#10;Element: '&lt;div class=&quot;h&quot;&gt;Данный типа файла не поддерживается&lt;/div&gt;'&#13;&#10;Actual value: text=&quot;Данный типа файла не поддерживается&quot;&#13;&#10;Screenshot: file:/C:/AQA/AQA-start/build/reports/tests/1781037287901.0.png&#13;&#10;Page source: file:/C:/AQA/AQA-start/build/reports/tests/1781037287901.0.html&#13;&#10;Timeout: 4 s." type="com.codeborne.selenide.ex.ElementShould">Element should have text &quot;Р”Р°РЅРЅС‹Р№ С‚РёРїР° С„Р°Р№Р»Р° РЅРµ РїРѕРґРґРµСЂР¶РёРІР°РµС‚СЃСЏ&quot; {.modal-body div.h}
Element: '&lt;div class=&quot;h&quot;&gt;Данный типа файла не поддерживается&lt;/div&gt;'
Actual value: text=&quot;Данный типа файла не поддерживается&quot;
Screenshot: file:/C:/AQA/AQA-start/build/reports/tests/1781037287901.0.png
Page source: file:/C:/AQA/AQA-start/build/reports/tests/1781037287901.0.html
Timeout: 4 s.
	at app//com.codeborne.selenide.impl.WebElementSource.handleError(WebElementSource.java:147)
	at app//com.codeborne.selenide.impl.WebElementSource.checkConditionAndReturnElement(WebElementSource.java:125)
	at app//com.codeborne.selenide.impl.WebElementSource.checkCondition(WebElementSource.java:102)
	at app//com.codeborne.selenide.commands.Should.execute(Should.java:30)
	at app//com.codeborne.selenide.commands.Should.execute(Should.java:14)
	at app//com.codeborne.selenide.commands.Commands.execute(Commands.java:162)
	at app//com.codeborne.selenide.impl.SelenideElementProxy.dispatchAndRetry(SelenideElementProxy.java:132)
	at app//com.codeborne.selenide.impl.SelenideElementProxy.invoke(SelenideElementProxy.java:84)
	at app/jdk.proxy3/jdk.proxy3.$Proxy55.shouldHave(Unknown Source)
	at app//quru.qa.SelenideFilesTest.uploadFileTest(SelenideFilesTest.java:34)
</failure>
  </testcase>
  <system-out><![CDATA[]]></system-out>
  <system-err><![CDATA[[Test worker] INFO com.codeborne.selenide.impl.DownloadFileWithHttpRequest - Cannot extract file name for https://github.com/junit-team/junit-framework/raw/refs/heads/main/README.md. Found headers: Connection=keep-alive, Cache-Control=max-age=300, Content-Security-Policy=default-src 'none'; style-src 'unsafe-inline'; sandbox, Content-Type=text/plain; charset=utf-8, ETag=W/"b113c56f803450834d32bd00b14832171b5565415e378d65095f781d80d04ce0", Strict-Transport-Security=max-age=31536000, X-Content-Type-Options=nosniff, X-Frame-Options=deny, X-XSS-Protection=1; mode=block, X-GitHub-Request-Id=902C:1971B5:27CAEA:44682C:6A286D26, Accept-Ranges=bytes, Date=Tue, 09 Jun 2026 20:34:41 GMT, Via=1.1 varnish, X-Served-By=cache-bma-essb1270076-BMA, X-Cache=HIT, X-Cache-Hits=0, X-Timer=S1781037281.004108,VS0,VE155, Vary=Authorization,Accept-Encoding, Access-Control-Allow-Origin=*, Cross-Origin-Resource-Policy=cross-origin, X-Fastly-Request-ID=cee372f42b04bcd398db14839359d5fe36058447, Expires=Tue, 09 Jun 2026 20:39:41 GMT, Source-Age=0
[Test worker] INFO com.codeborne.selenide.impl.DownloadFileWithHttpRequest - Generated file name for https://github.com/junit-team/junit-framework/raw/refs/heads/main/README.md: README.md
[Test worker] INFO com.codeborne.selenide.impl.FileHelper - Creating folder: C:\AQA\AQA-start\build\downloads\bbdf26a5-a04a-47bc-8474-fe03a3d76403
]]></system-err>
</testsuite>
