<?xml version="1.0" encoding="UTF-8"?>
<testsuite name="SimpleJunitTest" tests="3" skipped="0" failures="0" errors="0" timestamp="2026-02-21T13:49:38.694Z" hostname="KOMPUTER" time="0.028">
  <properties/>
  <testcase name="thirdTest()" classname="SimpleJunitTest" time="0.019"/>
  <testcase name="firstTest()" classname="SimpleJunitTest" time="0.003"/>
  <testcase name="secondTest()" classname="SimpleJunitTest" time="0.003"/>
  <system-out><![CDATA[BeforeAll()

beforeEach()
thirdTest()
afterEach()

beforeEach()
firstTest()
afterEach()

beforeEach()
secondTest()
afterEach()

AfterAll()

]]></system-out>
  <system-err><![CDATA[]]></system-err>
</testsuite>
