<?xml version="1.0" encoding="UTF-8"?>
<testsuite name="tests.StatusTests" tests="1" skipped="0" failures="1" errors="0" timestamp="2026-06-28T14:05:38.255Z" hostname="KOMPUTER" time="2.982">
  <properties/>
  <testcase name="checkStatus()" classname="tests.StatusTests" time="2.982">
    <failure message="java.lang.AssertionError: 1 expectation failed.&#10;JSON path total doesn't match.&#10;Expected: is &lt;21&gt;&#10;  Actual: &lt;20&gt;&#10;" type="java.lang.AssertionError">java.lang.AssertionError: 1 expectation failed.
JSON path total doesn't match.
Expected: is &lt;21&gt;
  Actual: &lt;20&gt;

	at org.codehaus.groovy.vmplugin.v8.IndyInterface.fromCache(IndyInterface.java:344)
	at io.restassured.internal.ResponseSpecificationImpl$HamcrestAssertionClosure.validate(ResponseSpecificationImpl.groovy:516)
	at org.codehaus.groovy.vmplugin.v8.IndyInterface.fromCache(IndyInterface.java:344)
	at io.restassured.internal.ResponseSpecificationImpl.validateResponseIfRequired(ResponseSpecificationImpl.groovy:714)
	at org.codehaus.groovy.vmplugin.v8.IndyInterface.fromCache(IndyInterface.java:344)
	at io.restassured.internal.ResponseSpecificationImpl.body(ResponseSpecificationImpl.groovy:274)
	at org.codehaus.groovy.vmplugin.v8.IndyInterface.fromCache(IndyInterface.java:344)
	at io.restassured.internal.ResponseSpecificationImpl.body(ResponseSpecificationImpl.groovy:121)
	at io.restassured.internal.ValidatableResponseOptionsImpl.body(ValidatableResponseOptionsImpl.java:244)
	at tests.StatusTests.checkStatus(StatusTests.java:13)
</failure>
  </testcase>
  <system-out><![CDATA[]]></system-out>
  <system-err><![CDATA[]]></system-err>
</testsuite>
