<?xml version="1.0" encoding="UTF-8"?>
<testsuite name="tests.SimpleJunitTest" tests="3" skipped="0" failures="0" errors="0" timestamp="2026-06-09T20:41:57.782Z" hostname="KOMPUTER" time="0.03">
  <properties/>
  <testcase name="thirdTest()" classname="tests.SimpleJunitTest" time="0.007"/>
  <testcase name="firstTest()" classname="tests.SimpleJunitTest" time="0.004"/>
  <testcase name="secondTest()" classname="tests.SimpleJunitTest" time="0.002"/>
  <system-out><![CDATA[BeforeAll()

beforeEach()
thirdTest()
afterEach()

beforeEach()
firstTest()
afterEach()

beforeEach()
secondTest()
afterEach()

AfterAll()

]]></system-out>
  <system-err><![CDATA[]]></system-err>
</testsuite>
