<?xml version="1.0" encoding="UTF-8"?>
<testsuite name="quru.qa.SelenideFilesTest" tests="1" skipped="0" failures="0" errors="0" timestamp="2026-05-23T17:17:19.701Z" hostname="KOMPUTER" time="7.949">
  <properties/>
  <testcase name="downloadFileTest()" classname="quru.qa.SelenideFilesTest" time="7.949"/>
  <system-out><![CDATA[]]></system-out>
  <system-err><![CDATA[[Test worker] INFO com.codeborne.selenide.impl.WebDriverThreadLocalContainer - No webdriver is bound to current thread: 1 - let's create a new webdriver
[Test worker] INFO com.codeborne.selenide.impl.FileHelper - Creating folder: C:\AQA\AQA-start\build\downloads\1779556639902_6816_1
мая 23, 2026 8:17:21 PM org.openqa.selenium.devtools.CdpVersionFinder findNearestMatch
WARNING: Unable to find CDP implementation matching 148
мая 23, 2026 8:17:21 PM org.openqa.selenium.chromium.ChromiumDriver lambda$new$5
WARNING: Unable to find version of CDP to use for 148.0.7778.168. You may need to include a dependency on a specific version of the CDP using something similar to `org.seleniumhq.selenium:selenium-devtools-v86:4.18.1` where the version ("v86") matches the version of the chromium-based browser you're using and the version number of the artifact is the same as Selenium's.
[Test worker] INFO com.codeborne.selenide.webdriver.WebDriverFactory - BrowserName=chrome Version=148.0.7778.168 Platform=windows
[Test worker] INFO com.codeborne.selenide.webdriver.WebDriverFactory - Selenide v. 7.2.0
[Test worker] INFO com.codeborne.selenide.webdriver.WebDriverFactory - Selenium WebDriver v. 4.18.1 build revision: b1d3319b48
[Test worker] INFO com.codeborne.selenide.drivercommands.CreateDriverCommand - Created webdriver in thread 1: ChromeDriver -> ChromeDriver: chrome on windows (8801488858dad95729add6a40cd8ea20), downloadsFolder: C:\AQA\AQA-start\build\downloads\1779556639902_6816_1
[Test worker] INFO com.codeborne.selenide.drivercommands.DisposablesRegistry - Register WebDriverInstance[config=StaticConfig, webDriver=ChromeDriver: chrome on windows (8801488858dad95729add6a40cd8ea20), proxy=null, downloadsFolder=C:\AQA\AQA-start\build\downloads\1779556639902_6816_1] in 1 [size=1]
[Test worker] INFO com.codeborne.selenide.drivercommands.DisposablesRegistry - Add shutdown hook in 1 [size=1]
[Test worker] INFO com.codeborne.selenide.impl.DownloadFileWithHttpRequest - Cannot extract file name for https://github.com/junit-team/junit-framework/raw/refs/heads/main/README.md. Found headers: Connection=keep-alive, Cache-Control=max-age=300, Content-Security-Policy=default-src 'none'; style-src 'unsafe-inline'; sandbox, Content-Type=text/plain; charset=utf-8, ETag=W/"d4af62bbc40b5dac383fdf4a5f857ff5f41481c3fe3001a5936ca49e224923d3", Strict-Transport-Security=max-age=31536000, X-Content-Type-Options=nosniff, X-Frame-Options=deny, X-XSS-Protection=1; mode=block, X-GitHub-Request-Id=A8AA:379FF2:4B5811:8F8B37:6A11E072, Accept-Ranges=bytes, Date=Sat, 23 May 2026 17:17:28 GMT, Via=1.1 varnish, X-Served-By=cache-bma-essb1270051-BMA, X-Cache=HIT, X-Cache-Hits=0, X-Timer=S1779556648.277893,VS0,VE1, Vary=Authorization,Accept-Encoding, Access-Control-Allow-Origin=*, Cross-Origin-Resource-Policy=cross-origin, X-Fastly-Request-ID=d895f88801377411d58dc9084fd650daa39dd7f8, Expires=Sat, 23 May 2026 17:22:28 GMT, Source-Age=181
[Test worker] INFO com.codeborne.selenide.impl.DownloadFileWithHttpRequest - Generated file name for https://github.com/junit-team/junit-framework/raw/refs/heads/main/README.md: README.md
[Test worker] INFO com.codeborne.selenide.impl.FileHelper - Creating folder: C:\AQA\AQA-start\build\downloads\1793075f-963c-4d4f-98e5-333dbd679816
]]></system-err>
</testsuite>
