<?xml version="1.0" encoding="UTF-8"?>
<testsuite name="quru.qa.FileParsingTest" tests="6" skipped="0" failures="1" errors="0" timestamp="2026-06-09T20:33:49.859Z" hostname="KOMPUTER" time="45.092">
  <properties/>
  <testcase name="zipFileParsingTest()" classname="quru.qa.FileParsingTest" time="0.01"/>
  <testcase name="jsonFileParsingImproovedTest()" classname="quru.qa.FileParsingTest" time="0.053"/>
  <testcase name="xslsFileParsingTest()" classname="quru.qa.FileParsingTest" time="38.606">
    <failure message="java.lang.NullPointerException: Cannot invoke &quot;org.apache.poi.ss.usermodel.Sheet.getRow(int)&quot; because the return value of &quot;org.apache.poi.ss.usermodel.Workbook.getSheet(String)&quot; is null" type="java.lang.NullPointerException">java.lang.NullPointerException: Cannot invoke &quot;org.apache.poi.ss.usermodel.Sheet.getRow(int)&quot; because the return value of &quot;org.apache.poi.ss.usermodel.Workbook.getSheet(String)&quot; is null
	at quru.qa.FileParsingTest.xslsFileParsingTest(FileParsingTest.java:41)
</failure>
  </testcase>
  <testcase name="csvFileParsingTest()" classname="quru.qa.FileParsingTest" time="0.047"/>
  <testcase name="jsonFileParsingTest()" classname="quru.qa.FileParsingTest" time="0.006"/>
  <testcase name="pdfFileParsingTest()" classname="quru.qa.FileParsingTest" time="6.34"/>
  <system-out><![CDATA[11111.png
]]></system-out>
  <system-err><![CDATA[[Test worker] INFO com.codeborne.selenide.impl.WebDriverThreadLocalContainer - No webdriver is bound to current thread: 1 - let's create a new webdriver
[Test worker] INFO com.codeborne.selenide.impl.FileHelper - Creating folder: C:\AQA\AQA-start\build\downloads\1781037230093_616_1
июн. 09, 2026 11:33:54 PM org.openqa.selenium.devtools.CdpVersionFinder findNearestMatch
WARNING: Unable to find CDP implementation matching 148
июн. 09, 2026 11:33:54 PM org.openqa.selenium.chromium.ChromiumDriver lambda$new$5
WARNING: Unable to find version of CDP to use for 148.0.7778.168. You may need to include a dependency on a specific version of the CDP using something similar to `org.seleniumhq.selenium:selenium-devtools-v86:4.18.1` where the version ("v86") matches the version of the chromium-based browser you're using and the version number of the artifact is the same as Selenium's.
[Test worker] INFO com.codeborne.selenide.webdriver.WebDriverFactory - BrowserName=chrome Version=148.0.7778.168 Platform=windows
[Test worker] INFO com.codeborne.selenide.webdriver.WebDriverFactory - Selenide v. 7.2.0
[Test worker] INFO com.codeborne.selenide.webdriver.WebDriverFactory - Selenium WebDriver v. 4.18.1 build revision: b1d3319b48
[Test worker] INFO com.codeborne.selenide.drivercommands.CreateDriverCommand - Created webdriver in thread 1: ChromeDriver -> ChromeDriver: chrome on windows (9cbff69f14b09ccff02346ebd24000dc), downloadsFolder: C:\AQA\AQA-start\build\downloads\1781037230093_616_1
[Test worker] INFO com.codeborne.selenide.drivercommands.DisposablesRegistry - Register WebDriverInstance[config=StaticConfig, webDriver=ChromeDriver: chrome on windows (9cbff69f14b09ccff02346ebd24000dc), proxy=null, downloadsFolder=C:\AQA\AQA-start\build\downloads\1781037230093_616_1] in 1 [size=1]
[Test worker] INFO com.codeborne.selenide.drivercommands.DisposablesRegistry - Add shutdown hook in 1 [size=1]
[Test worker] INFO com.codeborne.selenide.impl.DownloadFileWithHttpRequest - Cannot extract file name for https://excelvba.ru/sites/default/files/teachers.xls. Found headers: Server=nginx/1.18.0 (Ubuntu), Date=Tue, 09 Jun 2026 20:34:26 GMT, Content-Type=application/vnd.ms-excel, Content-Length=514560, Connection=keep-alive, Last-Modified=Thu, 05 Jul 2012 16:23:32 GMT, ETag="4ff5bf84-7da00", Expires=Tue, 23 Jun 2026 20:34:26 GMT, Cache-Control=max-age=1209600, Access-Control-Allow-Origin=*, Accept-Ranges=bytes
[Test worker] INFO com.codeborne.selenide.impl.DownloadFileWithHttpRequest - Generated file name for https://excelvba.ru/sites/default/files/teachers.xls: teachers.xls
[Test worker] INFO com.codeborne.selenide.impl.FileHelper - Creating folder: C:\AQA\AQA-start\build\downloads\7247659a-92d0-4951-93da-5c7661eb6d71
[Test worker] INFO com.codeborne.selenide.impl.DownloadFileWithHttpRequest - Cannot extract file name for https://samplelib.com/pdf/sample5.pdf. Found headers: Server=nginx/1.28.3, Date=Tue, 09 Jun 2026 20:34:34 GMT, Content-Type=application/pdf, Content-Length=5812, Connection=keep-alive, Last-Modified=Sat, 06 Jun 2026 08:37:57 GMT, ETag="246ff45e210ac70e87f83c865c8a7a12", Access-Control-Allow-Origin=*
[Test worker] INFO com.codeborne.selenide.impl.DownloadFileWithHttpRequest - Generated file name for https://samplelib.com/pdf/sample5.pdf: sample5.pdf
[Test worker] INFO com.codeborne.selenide.impl.FileHelper - Creating folder: C:\AQA\AQA-start\build\downloads\a8cafe00-8d0f-42ed-925d-0febbddcfe77
]]></system-err>
</testsuite>
