<?xml version="1.0" encoding="UTF-8"?>
<testsuite name="tests.simple.PositiveTests" tests="10" skipped="0" failures="0" errors="0" timestamp="2026-05-31T14:38:04.689Z" hostname="KOMPUTER" time="0.283">
  <properties/>
  <testcase name="someTest1()" classname="tests.simple.PositiveTests" time="0.066"/>
  <testcase name="someTest2()" classname="tests.simple.PositiveTests" time="0.006"/>
  <testcase name="someTest3()" classname="tests.simple.PositiveTests" time="0.0"/>
  <testcase name="someTest4()" classname="tests.simple.PositiveTests" time="0.001"/>
  <testcase name="someTest5()" classname="tests.simple.PositiveTests" time="0.002"/>
  <testcase name="someTest6()" classname="tests.simple.PositiveTests" time="0.001"/>
  <testcase name="someTest7()" classname="tests.simple.PositiveTests" time="0.0"/>
  <testcase name="someTest8()" classname="tests.simple.PositiveTests" time="0.001"/>
  <testcase name="someTest9()" classname="tests.simple.PositiveTests" time="0.001"/>
  <testcase name="someTest()" classname="tests.simple.PositiveTests" time="0.0"/>
  <system-out><![CDATA[]]></system-out>
  <system-err><![CDATA[]]></system-err>
</testsuite>
